{"meta": {"format": 3, "version": "7.10.6", "timestamp": "2025-09-23T12:26:24.200536", "branch_coverage": false, "show_contexts": false}, "files": {"spds/__init__.py": {"executed_lines": [0], "summary": {"covered_lines": 0, "num_statements": 0, "percent_covered": 100.0, "percent_covered_display": "100", "missing_lines": 0, "excluded_lines": 0}, "missing_lines": [], "excluded_lines": [], "functions": {"": {"executed_lines": [], "summary": {"covered_lines": 0, "num_statements": 0, "percent_covered": 100.0, "percent_covered_display": "100", "missing_lines": 0, "excluded_lines": 0}, "missing_lines": [], "excluded_lines": []}}, "classes": {"": {"executed_lines": [], "summary": {"covered_lines": 0, "num_statements": 0, "percent_covered": 100.0, "percent_covered_display": "100", "missing_lines": 0, "excluded_lines": 0}, "missing_lines": [], "excluded_lines": []}}}, "spds/config.py": {"executed_lines": [3, 4, 5, 6, 7, 9, 12, 18, 32, 33, 34, 37, 40, 43, 44, 46, 49, 50, 51, 54, 55, 58, 61, 62, 65, 66, 68, 74, 75, 76, 83, 84, 86, 89, 92, 105, 106, 108, 114, 117, 119, 123, 130, 131, 134, 194, 195, 201, 233, 234, 235, 238, 239, 240, 243, 244, 249, 251, 254, 255, 258, 259, 260, 263, 264, 265, 268, 269, 270, 271, 272, 273, 276, 283, 286, 293, 296, 303, 306, 313, 316, 323, 326, 333, 336, 343, 346, 357, 367, 384, 392, 393, 396, 401], "summary": {"covered_lines": 94, "num_statements": 126, "percent_covered": 74.60317460317461, "percent_covered_display": "75", "missing_lines": 32, "excluded_lines": 0}, "missing_lines": [110, 113, 116, 126, 154, 155, 156, 159, 160, 164, 165, 170, 171, 172, 173, 174, 177, 179, 180, 181, 183, 185, 186, 190, 353, 364, 374, 375, 376, 380, 398, 406], "excluded_lines": [], "functions": {"setup_logging": {"executed_lines": [32, 33, 34, 37, 40, 43, 44, 46, 49, 50, 51, 54, 55, 58, 61, 62, 65, 66, 68], "summary": {"covered_lines": 19, "num_statements": 19, "percent_covered": 100.0, "percent_covered_display": "100", "missing_lines": 0, "excluded_lines": 0}, "missing_lines": [], "excluded_lines": []}, "get_letta_password": {"executed_lines": [105, 106, 108, 114, 117, 119, 123], "summary": {"covered_lines": 7, "num_statements": 11, "percent_covered": 63.63636363636363, "percent_covered_display": "64", "missing_lines": 4, "excluded_lines": 0}, "missing_lines": [110, 113, 116, 126], "excluded_lines": []}, "validate_letta_config": {"executed_lines": [], "summary": {"covered_lines": 0, "num_statements": 20, "percent_covered": 0.0, "percent_covered_display": "0", "missing_lines": 20, "excluded_lines": 0}, "missing_lines": [154, 155, 156, 159, 160, 164, 165, 170, 171, 172, 173, 174, 177, 179, 180, 181, 183, 185, 186, 190], "excluded_lines": []}, "get_letta_timeout_seconds": {"executed_lines": [283], "summary": {"covered_lines": 1, "num_statements": 1, "percent_covered": 100.0, "percent_covered_display": "100", "missing_lines": 0, "excluded_lines": 0}, "missing_lines": [], "excluded_lines": []}, "get_letta_max_retries": {"executed_lines": [293], "summary": {"covered_lines": 1, "num_statements": 1, "percent_covered": 100.0, "percent_covered_display": "100", "missing_lines": 0, "excluded_lines": 0}, "missing_lines": [], "excluded_lines": []}, "get_letta_retry_base_delay": {"executed_lines": [303], "summary": {"covered_lines": 1, "num_statements": 1, "percent_covered": 100.0, "percent_covered_display": "100", "missing_lines": 0, "excluded_lines": 0}, "missing_lines": [], "excluded_lines": []}, "get_letta_retry_factor": {"executed_lines": [313], "summary": {"covered_lines": 1, "num_statements": 1, "percent_covered": 100.0, "percent_covered_display": "100", "missing_lines": 0, "excluded_lines": 0}, "missing_lines": [], "excluded_lines": []}, "get_letta_retry_jitter": {"executed_lines": [323], "summary": {"covered_lines": 1, "num_statements": 1, "percent_covered": 100.0, "percent_covered_display": "100", "missing_lines": 0, "excluded_lines": 0}, "missing_lines": [], "excluded_lines": []}, "get_letta_retry_max_backoff": {"executed_lines": [333], "summary": {"covered_lines": 1, "num_statements": 1, "percent_covered": 100.0, "percent_covered_display": "100", "missing_lines": 0, "excluded_lines": 0}, "missing_lines": [], "excluded_lines": []}, "get_sessions_dir": {"executed_lines": [343], "summary": {"covered_lines": 1, "num_statements": 1, "percent_covered": 100.0, "percent_covered_display": "100", "missing_lines": 0, "excluded_lines": 0}, "missing_lines": [], "excluded_lines": []}, "get_session_autoflush_events": {"executed_lines": [], "summary": {"covered_lines": 0, "num_statements": 1, "percent_covered": 0.0, "percent_covered_display": "0", "missing_lines": 1, "excluded_lines": 0}, "missing_lines": [353], "excluded_lines": []}, "get_integrations_enabled": {"executed_lines": [], "summary": {"covered_lines": 0, "num_statements": 1, "percent_covered": 0.0, "percent_covered_display": "0", "missing_lines": 1, "excluded_lines": 0}, "missing_lines": [364], "excluded_lines": []}, "get_integrations_allow_fake_providers": {"executed_lines": [], "summary": {"covered_lines": 0, "num_statements": 4, "percent_covered": 0.0, "percent_covered_display": "0", "missing_lines": 4, "excluded_lines": 0}, "missing_lines": [374, 375, 376, 380], "excluded_lines": []}, "get_allow_ephemeral_agents": {"executed_lines": [392, 393], "summary": {"covered_lines": 2, "num_statements": 2, "percent_covered": 100.0, "percent_covered_display": "100", "missing_lines": 0, "excluded_lines": 0}, "missing_lines": [], "excluded_lines": []}, "get_secretary_agent_id": {"executed_lines": [], "summary": {"covered_lines": 0, "num_statements": 1, "percent_covered": 0.0, "percent_covered_display": "0", "missing_lines": 1, "excluded_lines": 0}, "missing_lines": [398], "excluded_lines": []}, "get_secretary_agent_name": {"executed_lines": [], "summary": {"covered_lines": 0, "num_statements": 1, "percent_covered": 0.0, "percent_covered_display": "0", "missing_lines": 1, "excluded_lines": 0}, "missing_lines": [406], "excluded_lines": []}, "": {"executed_lines": [3, 4, 5, 6, 7, 9, 12, 18, 74, 75, 76, 83, 84, 86, 89, 92, 130, 131, 134, 194, 195, 201, 233, 234, 235, 238, 239, 240, 243, 244, 249, 251, 254, 255, 258, 259, 260, 263, 264, 265, 268, 269, 270, 271, 272, 273, 276, 286, 296, 306, 316, 326, 336, 346, 357, 367, 384, 396, 401], "summary": {"covered_lines": 59, "num_statements": 59, "percent_covered": 100.0, "percent_covered_display": "100", "missing_lines": 0, "excluded_lines": 0}, "missing_lines": [], "excluded_lines": []}}, "classes": {"": {"executed_lines": [3, 4, 5, 6, 7, 9, 12, 18, 32, 33, 34, 37, 40, 43, 44, 46, 49, 50, 51, 54, 55, 58, 61, 62, 65, 66, 68, 74, 75, 76, 83, 84, 86, 89, 92, 105, 106, 108, 114, 117, 119, 123, 130, 131, 134, 194, 195, 201, 233, 234, 235, 238, 239, 240, 243, 244, 249, 251, 254, 255, 258, 259, 260, 263, 264, 265, 268, 269, 270, 271, 272, 273, 276, 283, 286, 293, 296, 303, 306, 313, 316, 323, 326, 333, 336, 343, 346, 357, 367, 384, 392, 393, 396, 401], "summary": {"covered_lines": 94, "num_statements": 126, "percent_covered": 74.60317460317461, "percent_covered_display": "75", "missing_lines": 32, "excluded_lines": 0}, "missing_lines": [110, 113, 116, 126, 154, 155, 156, 159, 160, 164, 165, 170, 171, 172, 173, 174, 177, 179, 180, 181, 183, 185, 186, 190, 353, 364, 374, 375, 376, 380, 398, 406], "excluded_lines": []}}}, "spds/creative-swarm.py": {"executed_lines": [], "summary": {"covered_lines": 0, "num_statements": 1, "percent_covered": 0.0, "percent_covered_display": "0", "missing_lines": 1, "excluded_lines": 0}, "missing_lines": [1], "excluded_lines": [], "functions": {"": {"executed_lines": [], "summary": {"covered_lines": 0, "num_statements": 1, "percent_covered": 0.0, "percent_covered_display": "0", "missing_lines": 1, "excluded_lines": 0}, "missing_lines": [1], "excluded_lines": []}}, "classes": {"": {"executed_lines": [], "summary": {"covered_lines": 0, "num_statements": 1, "percent_covered": 0.0, "percent_covered_display": "0", "missing_lines": 1, "excluded_lines": 0}, "missing_lines": [1], "excluded_lines": []}}}, "spds/export_manager.py": {"executed_lines": [3, 4, 5, 6, 7, 8, 10, 11, 12, 14, 17, 18, 23, 24, 27, 30, 31, 33, 50, 51, 52, 54, 55, 57, 58, 60, 61, 63, 64, 66, 83, 84, 86, 87, 88, 89, 90, 92, 93, 94, 95, 97, 99, 100, 102, 103, 105, 106, 108, 121, 122, 125, 127, 128, 130, 131, 133, 150, 151, 153, 154, 155, 156, 158, 161, 163, 164, 167, 168, 169, 171, 173, 174, 175, 176, 179, 182, 184, 185, 186, 187, 189, 190, 192, 193, 195, 212, 213, 215, 218, 219, 220, 221, 222, 226, 229, 230, 231, 232, 233, 236, 237, 238, 239, 240, 241, 244, 247, 248, 249, 251, 252, 254, 255, 257, 270, 271, 273, 274, 275, 276, 278, 279, 280, 281, 282, 285, 287, 288, 289, 290, 291, 292, 294, 296, 297, 298, 299, 300, 301, 302, 304, 307, 308, 309, 312, 313, 316, 319, 321, 322, 324, 325, 327, 340, 341, 343, 346, 349, 352, 353, 355, 356, 359, 361, 364, 367, 368, 369, 372, 375, 378, 381, 382, 384, 385, 387, 389, 390, 392, 394, 395, 396, 397, 398, 399, 401, 403, 405, 408, 409, 410, 411, 413, 415, 417, 420, 421, 423, 424, 425, 426, 428, 429, 431, 434, 452, 453, 454, 456, 459, 460, 461, 464, 465, 466, 469, 470, 473, 474, 476, 478, 488, 492, 507, 514, 515, 516, 517, 518, 520, 522, 524, 525, 526, 527, 531, 532, 533, 534, 535, 536, 537, 538, 539, 540, 541, 544, 548, 549, 550, 551, 552, 553, 554, 555, 556, 557, 558, 561, 565, 568, 582, 585, 587, 590, 593, 594, 595, 598, 601, 602, 603, 606, 607, 610, 611, 619, 622, 636, 639, 641, 644, 647, 648, 649, 652, 653, 654, 657, 658, 661, 662, 670, 673, 688, 690, 691, 693, 694, 695, 696, 697, 700, 701, 702, 705, 706, 709, 713, 716, 725, 727, 728, 730, 731, 732, 735, 736, 739, 740, 742, 752, 753, 755, 766, 767, 769, 780, 781, 786, 787], "summary": {"covered_lines": 331, "num_statements": 361, "percent_covered": 91.68975069252078, "percent_covered_display": "92", "missing_lines": 30, "excluded_lines": 0}, "missing_lines": [159, 293, 303, 406, 418, 477, 529, 543, 546, 560, 563, 583, 613, 615, 616, 617, 637, 664, 666, 667, 668, 703, 710, 717, 718, 719, 720, 721, 723, 729], "excluded_lines": [], "functions": {"ExportManager.__init__": {"executed_lines": [24, 27, 30, 31], "summary": {"covered_lines": 4, "num_statements": 4, "percent_covered": 100.0, "percent_covered_display": "100", "missing_lines": 0, "excluded_lines": 0}, "missing_lines": [], "excluded_lines": []}, "ExportManager.export_meeting_minutes": {"executed_lines": [50, 51, 52, 54, 55, 57, 58, 60, 61, 63, 64], "summary": {"covered_lines": 11, "num_statements": 11, "percent_covered": 100.0, "percent_covered_display": "100", "missing_lines": 0, "excluded_lines": 0}, "missing_lines": [], "excluded_lines": []}, "ExportManager.export_raw_transcript": {"executed_lines": [83, 84, 86, 87, 88, 89, 90, 92, 93, 94, 95, 97, 99, 100, 102, 103, 105, 106], "summary": {"covered_lines": 18, "num_statements": 18, "percent_covered": 100.0, "percent_covered_display": "100", "missing_lines": 0, "excluded_lines": 0}, "missing_lines": [], "excluded_lines": []}, "ExportManager.export_structured_data": {"executed_lines": [121, 122, 125, 127, 128, 130, 131], "summary": {"covered_lines": 7, "num_statements": 7, "percent_covered": 100.0, "percent_covered_display": "100", "missing_lines": 0, "excluded_lines": 0}, "missing_lines": [], "excluded_lines": []}, "ExportManager.export_action_items": {"executed_lines": [150, 151, 153, 154, 155, 156, 158, 161, 163, 164, 167, 168, 169, 171, 173, 174, 175, 176, 179, 182, 184, 185, 186, 187, 189, 190, 192, 193], "summary": {"covered_lines": 28, "num_statements": 29, "percent_covered": 96.55172413793103, "percent_covered_display": "97", "missing_lines": 1, "excluded_lines": 0}, "missing_lines": [159], "excluded_lines": []}, "ExportManager.export_formatted_conversation": {"executed_lines": [212, 213, 215, 218, 219, 220, 221, 222, 226, 229, 230, 231, 232, 233, 236, 237, 238, 239, 240, 241, 244, 247, 248, 249, 251, 252, 254, 255], "summary": {"covered_lines": 28, "num_statements": 28, "percent_covered": 100.0, "percent_covered_display": "100", "missing_lines": 0, "excluded_lines": 0}, "missing_lines": [], "excluded_lines": []}, "ExportManager.export_executive_summary": {"executed_lines": [270, 271, 273, 274, 275, 276, 278, 279, 280, 281, 282, 285, 287, 288, 289, 290, 291, 292, 294, 296, 297, 298, 299, 300, 301, 302, 304, 307, 308, 309, 312, 313, 316, 319, 321, 322, 324, 325], "summary": {"covered_lines": 38, "num_statements": 40, "percent_covered": 95.0, "percent_covered_display": "95", "missing_lines": 2, "excluded_lines": 0}, "missing_lines": [293, 303], "excluded_lines": []}, "ExportManager.export_complete_package": {"executed_lines": [340, 341, 343, 346, 349, 352, 353, 355, 356, 359, 361, 364, 367, 368, 369, 372, 375, 378, 381, 382, 384, 385], "summary": {"covered_lines": 22, "num_statements": 22, "percent_covered": 100.0, "percent_covered_display": "100", "missing_lines": 0, "excluded_lines": 0}, "missing_lines": [], "excluded_lines": []}, "ExportManager._generate_filename": {"executed_lines": [389, 390], "summary": {"covered_lines": 2, "num_statements": 2, "percent_covered": 100.0, "percent_covered_display": "100", "missing_lines": 0, "excluded_lines": 0}, "missing_lines": [], "excluded_lines": []}, "ExportManager._prepare_for_json": {"executed_lines": [394, 395, 396, 397, 398, 399, 401], "summary": {"covered_lines": 7, "num_statements": 7, "percent_covered": 100.0, "percent_covered_display": "100", "missing_lines": 0, "excluded_lines": 0}, "missing_lines": [], "excluded_lines": []}, "ExportManager.list_exports": {"executed_lines": [405, 408, 409, 410, 411, 413], "summary": {"covered_lines": 6, "num_statements": 7, "percent_covered": 85.71428571428571, "percent_covered_display": "86", "missing_lines": 1, "excluded_lines": 0}, "missing_lines": [406], "excluded_lines": []}, "ExportManager.cleanup_old_exports": {"executed_lines": [417, 420, 421, 423, 424, 425, 426, 428, 429, 431], "summary": {"covered_lines": 10, "num_statements": 11, "percent_covered": 90.9090909090909, "percent_covered_display": "91", "missing_lines": 1, "excluded_lines": 0}, "missing_lines": [418], "excluded_lines": []}, "build_session_summary": {"executed_lines": [452, 453, 454, 456, 459, 460, 461, 464, 465, 466, 469, 470, 473, 474, 476, 478, 488, 492], "summary": {"covered_lines": 18, "num_statements": 19, "percent_covered": 94.73684210526316, "percent_covered_display": "95", "missing_lines": 1, "excluded_lines": 0}, "missing_lines": [477], "excluded_lines": []}, "_build_minutes_markdown": {"executed_lines": [514, 515, 516, 517, 518, 520, 522, 524, 525, 526, 527, 531, 532, 533, 534, 535, 536, 537, 538, 539, 540, 541, 544, 548, 549, 550, 551, 552, 553, 554, 555, 556, 557, 558, 561, 565], "summary": {"covered_lines": 36, "num_statements": 41, "percent_covered": 87.8048780487805, "percent_covered_display": "88", "missing_lines": 5, "excluded_lines": 0}, "missing_lines": [529, 543, 546, 560, 563], "excluded_lines": []}, "export_session_to_markdown": {"executed_lines": [582, 585, 587, 590, 593, 594, 595, 598, 601, 602, 603, 606, 607, 610, 611, 619], "summary": {"covered_lines": 16, "num_statements": 21, "percent_covered": 76.19047619047619, "percent_covered_display": "76", "missing_lines": 5, "excluded_lines": 0}, "missing_lines": [583, 613, 615, 616, 617], "excluded_lines": []}, "export_session_to_json": {"executed_lines": [636, 639, 641, 644, 647, 648, 649, 652, 653, 654, 657, 658, 661, 662, 670], "summary": {"covered_lines": 15, "num_statements": 20, "percent_covered": 75.0, "percent_covered_display": "75", "missing_lines": 5, "excluded_lines": 0}, "missing_lines": [637, 664, 666, 667, 668], "excluded_lines": []}, "restore_session_from_json": {"executed_lines": [688, 690, 691, 693, 694, 695, 696, 697, 700, 701, 702, 705, 706, 709, 713, 716, 725, 727, 728, 730, 731, 732, 735, 736, 739, 740, 742, 752, 753, 755, 766, 767, 769, 780, 781, 786, 787], "summary": {"covered_lines": 37, "num_statements": 46, "percent_covered": 80.43478260869566, "percent_covered_display": "80", "missing_lines": 9, "excluded_lines": 0}, "missing_lines": [703, 710, 717, 718, 719, 720, 721, 723, 729], "excluded_lines": []}, "": {"executed_lines": [3, 4, 5, 6, 7, 8, 10, 11, 12, 14, 17, 18, 23, 33, 66, 108, 133, 195, 257, 327, 387, 392, 403, 415, 434, 507, 568, 622, 673], "summary": {"covered_lines": 28, "num_statements": 28, "percent_covered": 100.0, "percent_covered_display": "100", "missing_lines": 0, "excluded_lines": 0}, "missing_lines": [], "excluded_lines": []}}, "classes": {"ExportManager": {"executed_lines": [24, 27, 30, 31, 50, 51, 52, 54, 55, 57, 58, 60, 61, 63, 64, 83, 84, 86, 87, 88, 89, 90, 92, 93, 94, 95, 97, 99, 100, 102, 103, 105, 106, 121, 122, 125, 127, 128, 130, 131, 150, 151, 153, 154, 155, 156, 158, 161, 163, 164, 167, 168, 169, 171, 173, 174, 175, 176, 179, 182, 184, 185, 186, 187, 189, 190, 192, 193, 212, 213, 215, 218, 219, 220, 221, 222, 226, 229, 230, 231, 232, 233, 236, 237, 238, 239, 240, 241, 244, 247, 248, 249, 251, 252, 254, 255, 270, 271, 273, 274, 275, 276, 278, 279, 280, 281, 282, 285, 287, 288, 289, 290, 291, 292, 294, 296, 297, 298, 299, 300, 301, 302, 304, 307, 308, 309, 312, 313, 316, 319, 321, 322, 324, 325, 340, 341, 343, 346, 349, 352, 353, 355, 356, 359, 361, 364, 367, 368, 369, 372, 375, 378, 381, 382, 384, 385, 389, 390, 394, 395, 396, 397, 398, 399, 401, 405, 408, 409, 410, 411, 413, 417, 420, 421, 423, 424, 425, 426, 428, 429, 431], "summary": {"covered_lines": 181, "num_statements": 186, "percent_covered": 97.31182795698925, "percent_covered_display": "97", "missing_lines": 5, "excluded_lines": 0}, "missing_lines": [159, 293, 303, 406, 418], "excluded_lines": []}, "": {"executed_lines": [3, 4, 5, 6, 7, 8, 10, 11, 12, 14, 17, 18, 23, 33, 66, 108, 133, 195, 257, 327, 387, 392, 403, 415, 434, 452, 453, 454, 456, 459, 460, 461, 464, 465, 466, 469, 470, 473, 474, 476, 478, 488, 492, 507, 514, 515, 516, 517, 518, 520, 522, 524, 525, 526, 527, 531, 532, 533, 534, 535, 536, 537, 538, 539, 540, 541, 544, 548, 549, 550, 551, 552, 553, 554, 555, 556, 557, 558, 561, 565, 568, 582, 585, 587, 590, 593, 594, 595, 598, 601, 602, 603, 606, 607, 610, 611, 619, 622, 636, 639, 641, 644, 647, 648, 649, 652, 653, 654, 657, 658, 661, 662, 670, 673, 688, 690, 691, 693, 694, 695, 696, 697, 700, 701, 702, 705, 706, 709, 713, 716, 725, 727, 728, 730, 731, 732, 735, 736, 739, 740, 742, 752, 753, 755, 766, 767, 769, 780, 781, 786, 787], "summary": {"covered_lines": 150, "num_statements": 175, "percent_covered": 85.71428571428571, "percent_covered_display": "86", "missing_lines": 25, "excluded_lines": 0}, "missing_lines": [477, 529, 543, 546, 560, 563, 583, 613, 615, 616, 617, 637, 664, 666, 667, 668, 703, 710, 717, 718, 719, 720, 721, 723, 729], "excluded_lines": []}}}, "spds/letta_api.py": {"executed_lines": [3, 4, 5, 6, 7, 9, 11, 14, 45, 46, 47, 48, 49, 50, 53, 54, 61, 62, 64, 72, 73, 75, 83, 86, 88, 89, 91, 97, 100, 103, 104, 109, 111, 112, 113, 116, 118, 120, 123, 149, 173, 186, 187, 189, 190], "summary": {"covered_lines": 45, "num_statements": 66, "percent_covered": 68.18181818181819, "percent_covered_display": "68", "missing_lines": 21, "excluded_lines": 0}, "missing_lines": [68, 69, 79, 80, 84, 105, 125, 127, 128, 130, 136, 139, 145, 146, 164, 165, 166, 168, 170, 191, 193], "excluded_lines": [], "functions": {"letta_call": {"executed_lines": [45, 46, 47, 48, 49, 50, 53, 54, 61, 62, 64, 72, 73, 75, 83, 86, 88, 89, 91, 97, 100, 103, 104, 109, 111, 112, 113, 116, 118, 120, 123], "summary": {"covered_lines": 31, "num_statements": 45, "percent_covered": 68.88888888888889, "percent_covered_display": "69", "missing_lines": 14, "excluded_lines": 0}, "missing_lines": [68, 69, 79, 80, 84, 105, 125, 127, 128, 130, 136, 139, 145, 146], "excluded_lines": []}, "with_letta_resilience": {"executed_lines": [], "summary": {"covered_lines": 0, "num_statements": 2, "percent_covered": 0.0, "percent_covered_display": "0", "missing_lines": 2, "excluded_lines": 0}, "missing_lines": [164, 170], "excluded_lines": []}, "with_letta_resilience.decorator": {"executed_lines": [], "summary": {"covered_lines": 0, "num_statements": 2, "percent_covered": 0.0, "percent_covered_display": "0", "missing_lines": 2, "excluded_lines": 0}, "missing_lines": [165, 168], "excluded_lines": []}, "with_letta_resilience.decorator.wrapper": {"executed_lines": [], "summary": {"covered_lines": 0, "num_statements": 1, "percent_covered": 0.0, "percent_covered_display": "0", "missing_lines": 1, "excluded_lines": 0}, "missing_lines": [166], "excluded_lines": []}, "_function_accepts_timeout": {"executed_lines": [186, 187, 189, 190], "summary": {"covered_lines": 4, "num_statements": 6, "percent_covered": 66.66666666666667, "percent_covered_display": "67", "missing_lines": 2, "excluded_lines": 0}, "missing_lines": [191, 193], "excluded_lines": []}, "": {"executed_lines": [3, 4, 5, 6, 7, 9, 11, 14, 149, 173], "summary": {"covered_lines": 10, "num_statements": 10, "percent_covered": 100.0, "percent_covered_display": "100", "missing_lines": 0, "excluded_lines": 0}, "missing_lines": [], "excluded_lines": []}}, "classes": {"": {"executed_lines": [3, 4, 5, 6, 7, 9, 11, 14, 45, 46, 47, 48, 49, 50, 53, 54, 61, 62, 64, 72, 73, 75, 83, 86, 88, 89, 91, 97, 100, 103, 104, 109, 111, 112, 113, 116, 118, 120, 123, 149, 173, 186, 187, 189, 190], "summary": {"covered_lines": 45, "num_statements": 66, "percent_covered": 68.18181818181819, "percent_covered_display": "68", "missing_lines": 21, "excluded_lines": 0}, "missing_lines": [68, 69, 79, 80, 84, 105, 125, 127, 128, 130, 136, 139, 145, 146, 164, 165, 166, 168, 170, 191, 193], "excluded_lines": []}}}, "spds/main.py": {"executed_lines": [3, 4, 5, 6, 7, 9, 10, 12, 13, 14, 15, 17, 20, 22, 23, 24, 33, 43, 166, 199, 201, 202, 204, 206, 208, 218, 223, 226, 228, 229, 231, 233, 236, 238, 239, 240, 241, 242, 245, 247, 249, 260, 262, 263, 264, 265, 266, 270, 273, 276, 279, 286, 287, 293, 302, 303, 309, 315, 321, 328, 331, 332, 335, 336, 343, 344, 350, 353, 354, 355, 356, 357, 363, 365, 366, 367, 372, 373, 374, 381, 382, 383, 384, 385, 386, 387, 388, 389, 390, 392, 409, 411, 412, 413, 414, 415, 416, 417, 419, 420, 421, 422, 428, 430, 433, 436, 437, 439, 451, 452, 454, 459, 462], "summary": {"covered_lines": 112, "num_statements": 204, "percent_covered": 54.90196078431372, "percent_covered_display": "55", "missing_lines": 92, "excluded_lines": 3}, "missing_lines": [25, 26, 27, 28, 29, 30, 35, 36, 37, 38, 39, 40, 45, 47, 49, 50, 51, 54, 56, 59, 60, 62, 65, 71, 72, 73, 75, 78, 83, 84, 85, 88, 100, 107, 109, 110, 111, 114, 118, 119, 121, 123, 133, 139, 144, 146, 147, 148, 150, 153, 154, 156, 168, 169, 172, 177, 179, 182, 183, 186, 187, 190, 192, 196, 221, 251, 252, 253, 254, 255, 256, 257, 258, 359, 360, 375, 376, 379, 391, 394, 395, 396, 397, 398, 406, 423, 424, 425, 426, 455, 456, 457], "excluded_lines": [462, 464, 468], "functions": {"load_swarm_from_file": {"executed_lines": [22, 23, 24], "summary": {"covered_lines": 3, "num_statements": 9, "percent_covered": 33.333333333333336, "percent_covered_display": "33", "missing_lines": 6, "excluded_lines": 0}, "missing_lines": [25, 26, 27, 28, 29, 30], "excluded_lines": []}, "list_available_agents": {"executed_lines": [], "summary": {"covered_lines": 0, "num_statements": 6, "percent_covered": 0.0, "percent_covered_display": "0", "missing_lines": 6, "excluded_lines": 0}, "missing_lines": [35, 36, 37, 38, 39, 40], "excluded_lines": []}, "interactive_agent_selection": {"executed_lines": [], "summary": {"covered_lines": 0, "num_statements": 40, "percent_covered": 0.0, "percent_covered_display": "0", "missing_lines": 40, "excluded_lines": 0}, "missing_lines": [45, 47, 49, 50, 51, 54, 56, 59, 60, 62, 65, 71, 72, 73, 75, 78, 83, 84, 85, 88, 100, 107, 109, 110, 111, 114, 118, 119, 121, 123, 133, 139, 144, 146, 147, 148, 150, 153, 154, 156], "excluded_lines": []}, "format_session_table": {"executed_lines": [], "summary": {"covered_lines": 0, "num_statements": 12, "percent_covered": 0.0, "percent_covered_display": "0", "missing_lines": 12, "excluded_lines": 0}, "missing_lines": [168, 169, 172, 177, 179, 182, 183, 186, 187, 190, 192, 196], "excluded_lines": []}, "list_sessions_command": {"executed_lines": [201, 202, 204, 206, 208, 218, 223], "summary": {"covered_lines": 7, "num_statements": 8, "percent_covered": 87.5, "percent_covered_display": "88", "missing_lines": 1, "excluded_lines": 0}, "missing_lines": [221], "excluded_lines": []}, "resume_session_command": {"executed_lines": [228, 229, 231, 233, 236, 238, 239, 240, 241, 242], "summary": {"covered_lines": 10, "num_statements": 10, "percent_covered": 100.0, "percent_covered_display": "100", "missing_lines": 0, "excluded_lines": 0}, "missing_lines": [], "excluded_lines": []}, "setup_session_context": {"executed_lines": [247, 249, 260, 262, 263, 264, 265, 266, 270, 273], "summary": {"covered_lines": 10, "num_statements": 18, "percent_covered": 55.55555555555556, "percent_covered_display": "56", "missing_lines": 8, "excluded_lines": 0}, "missing_lines": [251, 252, 253, 254, 255, 256, 257, 258], "excluded_lines": []}, "main": {"executed_lines": [279, 286, 287, 293, 302, 303, 309, 315, 321, 328, 331, 332, 335, 336, 343, 344, 350, 353, 354, 355, 356, 357, 363, 365, 366, 367, 372, 373, 374, 381, 382, 383, 384, 385, 386, 387, 388, 389, 390, 392, 409, 411, 412, 413, 414, 415, 416, 417, 419, 420, 421, 422, 428, 430, 433, 436, 437, 439, 451, 452, 454, 459], "summary": {"covered_lines": 62, "num_statements": 81, "percent_covered": 76.54320987654322, "percent_covered_display": "77", "missing_lines": 19, "excluded_lines": 0}, "missing_lines": [359, 360, 375, 376, 379, 391, 394, 395, 396, 397, 398, 406, 423, 424, 425, 426, 455, 456, 457], "excluded_lines": []}, "": {"executed_lines": [3, 4, 5, 6, 7, 9, 10, 12, 13, 14, 15, 17, 20, 33, 43, 166, 199, 226, 245, 276, 462], "summary": {"covered_lines": 20, "num_statements": 20, "percent_covered": 100.0, "percent_covered_display": "100", "missing_lines": 0, "excluded_lines": 3}, "missing_lines": [], "excluded_lines": [462, 464, 468]}}, "classes": {"": {"executed_lines": [3, 4, 5, 6, 7, 9, 10, 12, 13, 14, 15, 17, 20, 22, 23, 24, 33, 43, 166, 199, 201, 202, 204, 206, 208, 218, 223, 226, 228, 229, 231, 233, 236, 238, 239, 240, 241, 242, 245, 247, 249, 260, 262, 263, 264, 265, 266, 270, 273, 276, 279, 286, 287, 293, 302, 303, 309, 315, 321, 328, 331, 332, 335, 336, 343, 344, 350, 353, 354, 355, 356, 357, 363, 365, 366, 367, 372, 373, 374, 381, 382, 383, 384, 385, 386, 387, 388, 389, 390, 392, 409, 411, 412, 413, 414, 415, 416, 417, 419, 420, 421, 422, 428, 430, 433, 436, 437, 439, 451, 452, 454, 459, 462], "summary": {"covered_lines": 112, "num_statements": 204, "percent_covered": 54.90196078431372, "percent_covered_display": "55", "missing_lines": 92, "excluded_lines": 3}, "missing_lines": [25, 26, 27, 28, 29, 30, 35, 36, 37, 38, 39, 40, 45, 47, 49, 50, 51, 54, 56, 59, 60, 62, 65, 71, 72, 73, 75, 78, 83, 84, 85, 88, 100, 107, 109, 110, 111, 114, 118, 119, 121, 123, 133, 139, 144, 146, 147, 148, 150, 153, 154, 156, 168, 169, 172, 177, 179, 182, 183, 186, 187, 190, 192, 196, 221, 251, 252, 253, 254, 255, 256, 257, 258, 359, 360, 375, 376, 379, 391, 394, 395, 396, 397, 398, 406, 423, 424, 425, 426, 455, 456, 457], "excluded_lines": [462, 464, 468]}}}, "spds/meeting_templates.py": {"executed_lines": [3, 4, 5, 8, 9, 11, 12, 15, 17, 18, 19, 22, 23, 24, 27, 30, 31, 33, 34, 36, 38, 39, 40, 41, 42, 44, 45, 48, 59, 60, 63, 64, 65, 67, 76, 78, 79, 82, 83, 88, 89, 95, 96, 99, 100, 101, 104, 107, 108, 109, 110, 114, 115, 116, 117, 118, 119, 123, 124, 125, 126, 127, 128, 129, 130, 131, 134, 135, 138, 141, 142, 143, 144, 145, 148, 149, 150, 151, 154, 155, 157, 159, 163, 167, 171, 172, 189, 191, 193, 194, 195, 198, 199, 210, 213, 214, 216, 218, 219, 220, 221, 222, 224, 225, 228, 241, 242, 249, 256, 257, 258, 259, 260, 263, 264, 265, 266, 267, 268, 270, 271, 272, 273, 274, 275, 278, 285, 286, 287, 288, 291, 294, 297, 299, 301, 303, 306, 307, 308, 311, 313, 314, 318, 322, 324, 325, 337, 341, 344, 346, 349, 352, 353, 356, 359, 360, 362, 365, 367, 369, 407, 448, 450, 451, 454, 455], "summary": {"covered_lines": 163, "num_statements": 255, "percent_covered": 63.92156862745098, "percent_covered_display": "64", "missing_lines": 92, "excluded_lines": 0}, "missing_lines": [13, 20, 25, 68, 69, 70, 71, 72, 73, 74, 90, 91, 92, 111, 120, 164, 174, 175, 176, 179, 180, 181, 184, 185, 187, 202, 204, 205, 207, 208, 246, 250, 251, 252, 253, 279, 280, 281, 282, 292, 304, 309, 316, 326, 327, 328, 329, 330, 331, 332, 333, 335, 342, 347, 354, 361, 363, 371, 374, 382, 383, 384, 387, 388, 391, 392, 394, 395, 397, 398, 399, 402, 403, 405, 409, 412, 422, 423, 424, 426, 427, 429, 430, 431, 432, 433, 435, 436, 439, 440, 446, 452], "excluded_lines": [], "functions": {"BaseTemplate.generate": {"executed_lines": [], "summary": {"covered_lines": 0, "num_statements": 1, "percent_covered": 0.0, "percent_covered_display": "0", "missing_lines": 1, "excluded_lines": 0}, "missing_lines": [13], "excluded_lines": []}, "BaseTemplate.format_duration": {"executed_lines": [17, 18, 19, 22, 23, 24, 27], "summary": {"covered_lines": 7, "num_statements": 9, "percent_covered": 77.77777777777777, "percent_covered_display": "78", "missing_lines": 2, "excluded_lines": 0}, "missing_lines": [20, 25], "excluded_lines": []}, "BoardMinutesTemplate.__init__": {"executed_lines": [34], "summary": {"covered_lines": 1, "num_statements": 1, "percent_covered": 100.0, "percent_covered_display": "100", "missing_lines": 0, "excluded_lines": 0}, "missing_lines": [], "excluded_lines": []}, "BoardMinutesTemplate.generate": {"executed_lines": [38, 39, 40, 41, 42, 44, 45, 48, 59, 60, 63, 64, 65, 67, 76, 78, 79, 82, 83, 88, 89, 95, 96, 99, 100, 101, 104, 107, 108, 109, 110, 114, 115, 116, 117, 118, 119, 123, 124, 125, 126, 127, 128, 129, 130, 131, 134, 135, 138, 141, 142, 143, 144, 145, 148, 149, 150, 151, 154, 155, 157], "summary": {"covered_lines": 61, "num_statements": 73, "percent_covered": 83.56164383561644, "percent_covered_display": "84", "missing_lines": 12, "excluded_lines": 0}, "missing_lines": [68, 69, 70, 71, 72, 73, 74, 90, 91, 92, 111, 120], "excluded_lines": []}, "BoardMinutesTemplate._generate_formal_discussion_summary": {"executed_lines": [163, 167, 171, 172], "summary": {"covered_lines": 4, "num_statements": 14, "percent_covered": 28.571428571428573, "percent_covered_display": "29", "missing_lines": 10, "excluded_lines": 0}, "missing_lines": [164, 174, 175, 176, 179, 180, 181, 184, 185, 187], "excluded_lines": []}, "BoardMinutesTemplate._extract_key_perspectives": {"executed_lines": [191, 193, 194, 195, 198, 199, 210], "summary": {"covered_lines": 7, "num_statements": 12, "percent_covered": 58.333333333333336, "percent_covered_display": "58", "missing_lines": 5, "excluded_lines": 0}, "missing_lines": [202, 204, 205, 207, 208], "excluded_lines": []}, "CasualMinutesTemplate.generate": {"executed_lines": [218, 219, 220, 221, 222, 224, 225, 228, 241, 242, 249, 256, 257, 258, 259, 260, 263, 264, 265, 266, 267, 268, 270, 271, 272, 273, 274, 275, 278, 285, 286, 287, 288, 291, 294, 297, 299], "summary": {"covered_lines": 37, "num_statements": 47, "percent_covered": 78.72340425531915, "percent_covered_display": "79", "missing_lines": 10, "excluded_lines": 0}, "missing_lines": [246, 250, 251, 252, 253, 279, 280, 281, 282, 292], "excluded_lines": []}, "CasualMinutesTemplate._format_participants_casual": {"executed_lines": [303, 306, 307, 308, 311, 313, 314], "summary": {"covered_lines": 7, "num_statements": 10, "percent_covered": 70.0, "percent_covered_display": "70", "missing_lines": 3, "excluded_lines": 0}, "missing_lines": [304, 309, 316], "excluded_lines": []}, "CasualMinutesTemplate._determine_conversation_vibe": {"executed_lines": [322, 324, 325], "summary": {"covered_lines": 3, "num_statements": 12, "percent_covered": 25.0, "percent_covered_display": "25", "missing_lines": 9, "excluded_lines": 0}, "missing_lines": [326, 327, 328, 329, 330, 331, 332, 333, 335], "excluded_lines": []}, "CasualMinutesTemplate._generate_casual_discussion_summary": {"executed_lines": [341, 344, 346, 349, 352, 353, 356, 359, 360, 362, 365, 367], "summary": {"covered_lines": 12, "num_statements": 17, "percent_covered": 70.58823529411765, "percent_covered_display": "71", "missing_lines": 5, "excluded_lines": 0}, "missing_lines": [342, 347, 354, 361, 363], "excluded_lines": []}, "CasualMinutesTemplate._extract_casual_insights": {"executed_lines": [], "summary": {"covered_lines": 0, "num_statements": 17, "percent_covered": 0.0, "percent_covered_display": "0", "missing_lines": 17, "excluded_lines": 0}, "missing_lines": [371, 374, 382, 383, 384, 387, 388, 391, 392, 394, 395, 397, 398, 399, 402, 403, 405], "excluded_lines": []}, "CasualMinutesTemplate._extract_good_ideas": {"executed_lines": [], "summary": {"covered_lines": 0, "num_statements": 17, "percent_covered": 0.0, "percent_covered_display": "0", "missing_lines": 17, "excluded_lines": 0}, "missing_lines": [409, 412, 422, 423, 424, 426, 427, 429, 430, 431, 432, 433, 435, 436, 439, 440, 446], "excluded_lines": []}, "CasualMinutesTemplate._get_most_active_participant": {"executed_lines": [450, 451, 454, 455], "summary": {"covered_lines": 4, "num_statements": 5, "percent_covered": 80.0, "percent_covered_display": "80", "missing_lines": 1, "excluded_lines": 0}, "missing_lines": [452], "excluded_lines": []}, "": {"executed_lines": [3, 4, 5, 8, 9, 11, 12, 15, 30, 31, 33, 36, 159, 189, 213, 214, 216, 301, 318, 337, 369, 407, 448], "summary": {"covered_lines": 20, "num_statements": 20, "percent_covered": 100.0, "percent_covered_display": "100", "missing_lines": 0, "excluded_lines": 0}, "missing_lines": [], "excluded_lines": []}}, "classes": {"BaseTemplate": {"executed_lines": [17, 18, 19, 22, 23, 24, 27], "summary": {"covered_lines": 7, "num_statements": 10, "percent_covered": 70.0, "percent_covered_display": "70", "missing_lines": 3, "excluded_lines": 0}, "missing_lines": [13, 20, 25], "excluded_lines": []}, "BoardMinutesTemplate": {"executed_lines": [34, 38, 39, 40, 41, 42, 44, 45, 48, 59, 60, 63, 64, 65, 67, 76, 78, 79, 82, 83, 88, 89, 95, 96, 99, 100, 101, 104, 107, 108, 109, 110, 114, 115, 116, 117, 118, 119, 123, 124, 125, 126, 127, 128, 129, 130, 131, 134, 135, 138, 141, 142, 143, 144, 145, 148, 149, 150, 151, 154, 155, 157, 163, 167, 171, 172, 191, 193, 194, 195, 198, 199, 210], "summary": {"covered_lines": 73, "num_statements": 100, "percent_covered": 73.0, "percent_covered_display": "73", "missing_lines": 27, "excluded_lines": 0}, "missing_lines": [68, 69, 70, 71, 72, 73, 74, 90, 91, 92, 111, 120, 164, 174, 175, 176, 179, 180, 181, 184, 185, 187, 202, 204, 205, 207, 208], "excluded_lines": []}, "CasualMinutesTemplate": {"executed_lines": [218, 219, 220, 221, 222, 224, 225, 228, 241, 242, 249, 256, 257, 258, 259, 260, 263, 264, 265, 266, 267, 268, 270, 271, 272, 273, 274, 275, 278, 285, 286, 287, 288, 291, 294, 297, 299, 303, 306, 307, 308, 311, 313, 314, 322, 324, 325, 341, 344, 346, 349, 352, 353, 356, 359, 360, 362, 365, 367, 450, 451, 454, 455], "summary": {"covered_lines": 63, "num_statements": 125, "percent_covered": 50.4, "percent_covered_display": "50", "missing_lines": 62, "excluded_lines": 0}, "missing_lines": [246, 250, 251, 252, 253, 279, 280, 281, 282, 292, 304, 309, 316, 326, 327, 328, 329, 330, 331, 332, 333, 335, 342, 347, 354, 361, 363, 371, 374, 382, 383, 384, 387, 388, 391, 392, 394, 395, 397, 398, 399, 402, 403, 405, 409, 412, 422, 423, 424, 426, 427, 429, 430, 431, 432, 433, 435, 436, 439, 440, 446, 452], "excluded_lines": []}, "": {"executed_lines": [3, 4, 5, 8, 9, 11, 12, 15, 30, 31, 33, 36, 159, 189, 213, 214, 216, 301, 318, 337, 369, 407, 448], "summary": {"covered_lines": 20, "num_statements": 20, "percent_covered": 100.0, "percent_covered_display": "100", "missing_lines": 0, "excluded_lines": 0}, "missing_lines": [], "excluded_lines": []}}}, "spds/memory_awareness.py": {"executed_lines": [3, 10, 11, 13, 14, 17, 18, 23, 26, 83, 173, 198, 245], "summary": {"covered_lines": 11, "num_statements": 78, "percent_covered": 14.102564102564102, "percent_covered_display": "14", "missing_lines": 67, "excluded_lines": 0}, "missing_lines": [24, 32, 34, 37, 40, 41, 44, 45, 47, 48, 49, 50, 58, 60, 75, 76, 90, 93, 94, 116, 117, 139, 140, 162, 163, 171, 181, 182, 183, 186, 187, 190, 191, 193, 195, 196, 203, 204, 206, 207, 209, 210, 213, 216, 220, 221, 222, 223, 225, 226, 227, 228, 229, 231, 232, 233, 234, 236, 238, 239, 240, 242, 253, 255, 256, 257, 259], "excluded_lines": [], "functions": {"MemoryAwarenessReporter.__init__": {"executed_lines": [], "summary": {"covered_lines": 0, "num_statements": 1, "percent_covered": 0.0, "percent_covered_display": "0", "missing_lines": 1, "excluded_lines": 0}, "missing_lines": [24], "excluded_lines": []}, "MemoryAwarenessReporter.get_objective_memory_metrics": {"executed_lines": [], "summary": {"covered_lines": 0, "num_statements": 15, "percent_covered": 0.0, "percent_covered_display": "0", "missing_lines": 15, "excluded_lines": 0}, "missing_lines": [32, 34, 37, 40, 41, 44, 45, 47, 48, 49, 50, 58, 60, 75, 76], "excluded_lines": []}, "MemoryAwarenessReporter._generate_objective_observations": {"executed_lines": [], "summary": {"covered_lines": 0, "num_statements": 10, "percent_covered": 0.0, "percent_covered_display": "0", "missing_lines": 10, "excluded_lines": 0}, "missing_lines": [90, 93, 94, 116, 117, 139, 140, 162, 163, 171], "excluded_lines": []}, "MemoryAwarenessReporter.should_provide_memory_awareness": {"executed_lines": [], "summary": {"covered_lines": 0, "num_statements": 10, "percent_covered": 0.0, "percent_covered_display": "0", "missing_lines": 10, "excluded_lines": 0}, "missing_lines": [181, 182, 183, 186, 187, 190, 191, 193, 195, 196], "excluded_lines": []}, "MemoryAwarenessReporter.format_neutral_awareness_message": {"executed_lines": [], "summary": {"covered_lines": 0, "num_statements": 26, "percent_covered": 0.0, "percent_covered_display": "0", "missing_lines": 26, "excluded_lines": 0}, "missing_lines": [203, 204, 206, 207, 209, 210, 213, 216, 220, 221, 222, 223, 225, 226, 227, 228, 229, 231, 232, 233, 234, 236, 238, 239, 240, 242], "excluded_lines": []}, "create_memory_awareness_for_agent": {"executed_lines": [], "summary": {"covered_lines": 0, "num_statements": 5, "percent_covered": 0.0, "percent_covered_display": "0", "missing_lines": 5, "excluded_lines": 0}, "missing_lines": [253, 255, 256, 257, 259], "excluded_lines": []}, "": {"executed_lines": [3, 10, 11, 13, 14, 17, 18, 23, 26, 83, 173, 198, 245], "summary": {"covered_lines": 11, "num_statements": 11, "percent_covered": 100.0, "percent_covered_display": "100", "missing_lines": 0, "excluded_lines": 0}, "missing_lines": [], "excluded_lines": []}}, "classes": {"MemoryAwarenessReporter": {"executed_lines": [], "summary": {"covered_lines": 0, "num_statements": 62, "percent_covered": 0.0, "percent_covered_display": "0", "missing_lines": 62, "excluded_lines": 0}, "missing_lines": [24, 32, 34, 37, 40, 41, 44, 45, 47, 48, 49, 50, 58, 60, 75, 76, 90, 93, 94, 116, 117, 139, 140, 162, 163, 171, 181, 182, 183, 186, 187, 190, 191, 193, 195, 196, 203, 204, 206, 207, 209, 210, 213, 216, 220, 221, 222, 223, 225, 226, 227, 228, 229, 231, 232, 233, 234, 236, 238, 239, 240, 242], "excluded_lines": []}, "": {"executed_lines": [3, 10, 11, 13, 14, 17, 18, 23, 26, 83, 173, 198, 245], "summary": {"covered_lines": 11, "num_statements": 16, "percent_covered": 68.75, "percent_covered_display": "69", "missing_lines": 5, "excluded_lines": 0}, "missing_lines": [253, 255, 256, 257, 259], "excluded_lines": []}}}, "spds/profiles_schema.py": {"executed_lines": [3, 4, 6, 8, 11, 12, 14, 15, 16, 17, 18, 21, 23, 24, 25, 27, 29, 31, 32, 33, 35, 38, 42, 43, 44, 46, 48, 51, 52, 54, 56, 58, 59, 60, 62, 66, 67, 71, 74, 87, 89, 92, 94, 101, 104, 105, 106, 107, 109, 115, 164, 165, 166, 168, 169, 172, 183, 184, 187, 206, 207, 208, 209, 212, 215, 220, 222, 223, 224, 226, 229, 242], "summary": {"covered_lines": 70, "num_statements": 106, "percent_covered": 66.0377358490566, "percent_covered_display": "66", "missing_lines": 36, "excluded_lines": 0}, "missing_lines": [28, 36, 39, 45, 63, 68, 69, 91, 96, 110, 117, 119, 120, 121, 122, 125, 126, 127, 129, 130, 131, 134, 139, 143, 144, 145, 147, 150, 152, 154, 157, 160, 237, 238, 239, 251], "excluded_lines": [], "functions": {"AgentProfile.validate_required_strings": {"executed_lines": [27, 29], "summary": {"covered_lines": 2, "num_statements": 3, "percent_covered": 66.66666666666667, "percent_covered_display": "67", "missing_lines": 1, "excluded_lines": 0}, "missing_lines": [28], "excluded_lines": []}, "AgentProfile.validate_expertise": {"executed_lines": [35, 38, 42, 43, 44, 46, 48], "summary": {"covered_lines": 7, "num_statements": 10, "percent_covered": 70.0, "percent_covered_display": "70", "missing_lines": 3, "excluded_lines": 0}, "missing_lines": [36, 39, 45], "excluded_lines": []}, "ProfilesConfig.validate_agents": {"executed_lines": [62, 66, 67, 71], "summary": {"covered_lines": 4, "num_statements": 7, "percent_covered": 57.142857142857146, "percent_covered_display": "57", "missing_lines": 3, "excluded_lines": 0}, "missing_lines": [63, 68, 69], "excluded_lines": []}, "validate_agent_profiles": {"executed_lines": [87, 89, 92, 94, 101, 104, 105, 106, 107, 109, 115], "summary": {"covered_lines": 11, "num_statements": 36, "percent_covered": 30.555555555555557, "percent_covered_display": "31", "missing_lines": 25, "excluded_lines": 0}, "missing_lines": [91, 96, 110, 117, 119, 120, 121, 122, 125, 126, 127, 129, 130, 131, 134, 139, 143, 144, 145, 147, 150, 152, 154, 157, 160], "excluded_lines": []}, "_compute_profiles_fingerprint": {"executed_lines": [183, 184], "summary": {"covered_lines": 2, "num_statements": 2, "percent_covered": 100.0, "percent_covered_display": "100", "missing_lines": 0, "excluded_lines": 0}, "missing_lines": [], "excluded_lines": []}, "get_agent_profiles_validated": {"executed_lines": [206, 207, 208, 209, 212, 215, 220, 222, 223, 224, 226], "summary": {"covered_lines": 11, "num_statements": 11, "percent_covered": 100.0, "percent_covered_display": "100", "missing_lines": 0, "excluded_lines": 0}, "missing_lines": [], "excluded_lines": []}, "clear_profiles_cache": {"executed_lines": [], "summary": {"covered_lines": 0, "num_statements": 3, "percent_covered": 0.0, "percent_covered_display": "0", "missing_lines": 3, "excluded_lines": 0}, "missing_lines": [237, 238, 239], "excluded_lines": []}, "get_profiles_cache_info": {"executed_lines": [], "summary": {"covered_lines": 0, "num_statements": 1, "percent_covered": 0.0, "percent_covered_display": "0", "missing_lines": 1, "excluded_lines": 0}, "missing_lines": [251], "excluded_lines": []}, "": {"executed_lines": [3, 4, 6, 8, 11, 12, 14, 15, 16, 17, 18, 21, 23, 24, 25, 31, 32, 33, 51, 52, 54, 56, 58, 59, 60, 74, 164, 165, 166, 168, 169, 172, 187, 229, 242], "summary": {"covered_lines": 33, "num_statements": 33, "percent_covered": 100.0, "percent_covered_display": "100", "missing_lines": 0, "excluded_lines": 0}, "missing_lines": [], "excluded_lines": []}}, "classes": {"AgentProfile": {"executed_lines": [27, 29, 35, 38, 42, 43, 44, 46, 48], "summary": {"covered_lines": 9, "num_statements": 13, "percent_covered": 69.23076923076923, "percent_covered_display": "69", "missing_lines": 4, "excluded_lines": 0}, "missing_lines": [28, 36, 39, 45], "excluded_lines": []}, "ProfilesConfig": {"executed_lines": [62, 66, 67, 71], "summary": {"covered_lines": 4, "num_statements": 7, "percent_covered": 57.142857142857146, "percent_covered_display": "57", "missing_lines": 3, "excluded_lines": 0}, "missing_lines": [63, 68, 69], "excluded_lines": []}, "": {"executed_lines": [3, 4, 6, 8, 11, 12, 14, 15, 16, 17, 18, 21, 23, 24, 25, 31, 32, 33, 51, 52, 54, 56, 58, 59, 60, 74, 87, 89, 92, 94, 101, 104, 105, 106, 107, 109, 115, 164, 165, 166, 168, 169, 172, 183, 184, 187, 206, 207, 208, 209, 212, 215, 220, 222, 223, 224, 226, 229, 242], "summary": {"covered_lines": 57, "num_statements": 86, "percent_covered": 66.27906976744185, "percent_covered_display": "66", "missing_lines": 29, "excluded_lines": 0}, "missing_lines": [91, 96, 110, 117, 119, 120, 121, 122, 125, 126, 127, 129, 130, 131, 134, 139, 143, 144, 145, 147, 150, 152, 154, 157, 160, 237, 238, 239, 251], "excluded_lines": []}}}, "spds/secretary_agent.py": {"executed_lines": [1, 2, 3, 4, 5, 7, 8, 10, 11, 12, 18, 34, 35, 40, 49, 149, 157, 212, 270, 313, 349, 380, 421], "summary": {"covered_lines": 22, "num_statements": 194, "percent_covered": 11.34020618556701, "percent_covered_display": "11", "missing_lines": 172, "excluded_lines": 0}, "missing_lines": [20, 21, 22, 23, 24, 25, 26, 27, 28, 29, 30, 31, 41, 42, 43, 44, 47, 53, 55, 56, 63, 64, 65, 71, 73, 80, 83, 84, 85, 86, 87, 92, 93, 94, 95, 96, 97, 98, 104, 105, 106, 107, 108, 109, 112, 113, 118, 119, 144, 145, 146, 147, 151, 152, 154, 155, 161, 171, 180, 181, 188, 189, 190, 191, 192, 193, 194, 197, 208, 209, 210, 214, 215, 216, 218, 219, 220, 224, 225, 227, 228, 229, 230, 231, 234, 236, 239, 244, 245, 248, 249, 250, 251, 252, 253, 254, 255, 256, 258, 259, 261, 262, 264, 265, 266, 268, 274, 275, 278, 281, 282, 294, 295, 298, 307, 309, 317, 318, 319, 321, 322, 323, 324, 325, 327, 328, 334, 337, 346, 347, 351, 352, 353, 355, 356, 357, 359, 360, 366, 369, 377, 378, 382, 383, 385, 386, 398, 401, 402, 405, 415, 417, 418, 419, 423, 424, 426, 427, 430, 439, 440, 447, 448, 449, 451, 452, 453, 455, 457, 459, 460, 461], "excluded_lines": [], "functions": {"retry_with_backoff": {"executed_lines": [], "summary": {"covered_lines": 0, "num_statements": 12, "percent_covered": 0.0, "percent_covered_display": "0", "missing_lines": 12, "excluded_lines": 0}, "missing_lines": [20, 21, 22, 23, 24, 25, 26, 27, 28, 29, 30, 31], "excluded_lines": []}, "SecretaryAgent.__init__": {"executed_lines": [], "summary": {"covered_lines": 0, "num_statements": 5, "percent_covered": 0.0, "percent_covered_display": "0", "missing_lines": 5, "excluded_lines": 0}, "missing_lines": [41, 42, 43, 44, 47], "excluded_lines": []}, "SecretaryAgent._create_secretary_agent": {"executed_lines": [], "summary": {"covered_lines": 0, "num_statements": 35, "percent_covered": 0.0, "percent_covered_display": "0", "missing_lines": 35, "excluded_lines": 0}, "missing_lines": [53, 55, 56, 63, 64, 65, 71, 73, 80, 83, 84, 85, 86, 87, 92, 93, 94, 95, 96, 97, 98, 104, 105, 106, 107, 108, 109, 112, 113, 118, 119, 144, 145, 146, 147], "excluded_lines": []}, "SecretaryAgent.set_mode": {"executed_lines": [], "summary": {"covered_lines": 0, "num_statements": 4, "percent_covered": 0.0, "percent_covered_display": "0", "missing_lines": 4, "excluded_lines": 0}, "missing_lines": [151, 152, 154, 155], "excluded_lines": []}, "SecretaryAgent.start_meeting": {"executed_lines": [], "summary": {"covered_lines": 0, "num_statements": 14, "percent_covered": 0.0, "percent_covered_display": "0", "missing_lines": 14, "excluded_lines": 0}, "missing_lines": [161, 171, 180, 188, 189, 190, 191, 192, 193, 194, 197, 208, 209, 210], "excluded_lines": []}, "SecretaryAgent.start_meeting.send_start_message": {"executed_lines": [], "summary": {"covered_lines": 0, "num_statements": 1, "percent_covered": 0.0, "percent_covered_display": "0", "missing_lines": 1, "excluded_lines": 0}, "missing_lines": [181], "excluded_lines": []}, "SecretaryAgent._extract_agent_response": {"executed_lines": [], "summary": {"covered_lines": 0, "num_statements": 35, "percent_covered": 0.0, "percent_covered_display": "0", "missing_lines": 35, "excluded_lines": 0}, "missing_lines": [214, 215, 216, 218, 219, 220, 224, 225, 227, 228, 229, 230, 231, 234, 236, 239, 244, 245, 248, 249, 250, 251, 252, 253, 254, 255, 256, 258, 259, 261, 262, 264, 265, 266, 268], "excluded_lines": []}, "SecretaryAgent.observe_message": {"executed_lines": [], "summary": {"covered_lines": 0, "num_statements": 9, "percent_covered": 0.0, "percent_covered_display": "0", "missing_lines": 9, "excluded_lines": 0}, "missing_lines": [274, 275, 278, 281, 294, 295, 298, 307, 309], "excluded_lines": []}, "SecretaryAgent.observe_message.send_observation": {"executed_lines": [], "summary": {"covered_lines": 0, "num_statements": 1, "percent_covered": 0.0, "percent_covered_display": "0", "missing_lines": 1, "excluded_lines": 0}, "missing_lines": [282], "excluded_lines": []}, "SecretaryAgent.add_action_item": {"executed_lines": [], "summary": {"covered_lines": 0, "num_statements": 14, "percent_covered": 0.0, "percent_covered_display": "0", "missing_lines": 14, "excluded_lines": 0}, "missing_lines": [317, 318, 319, 321, 322, 323, 324, 325, 327, 328, 334, 337, 346, 347], "excluded_lines": []}, "SecretaryAgent.add_decision": {"executed_lines": [], "summary": {"covered_lines": 0, "num_statements": 12, "percent_covered": 0.0, "percent_covered_display": "0", "missing_lines": 12, "excluded_lines": 0}, "missing_lines": [351, 352, 353, 355, 356, 357, 359, 360, 366, 369, 377, 378], "excluded_lines": []}, "SecretaryAgent.get_conversation_stats": {"executed_lines": [], "summary": {"covered_lines": 0, "num_statements": 12, "percent_covered": 0.0, "percent_covered_display": "0", "missing_lines": 12, "excluded_lines": 0}, "missing_lines": [382, 383, 385, 386, 398, 401, 402, 405, 415, 417, 418, 419], "excluded_lines": []}, "SecretaryAgent.generate_minutes": {"executed_lines": [], "summary": {"covered_lines": 0, "num_statements": 17, "percent_covered": 0.0, "percent_covered_display": "0", "missing_lines": 17, "excluded_lines": 0}, "missing_lines": [423, 424, 426, 427, 430, 439, 447, 448, 449, 451, 452, 453, 455, 457, 459, 460, 461], "excluded_lines": []}, "SecretaryAgent.generate_minutes.request_minutes": {"executed_lines": [], "summary": {"covered_lines": 0, "num_statements": 1, "percent_covered": 0.0, "percent_covered_display": "0", "missing_lines": 1, "excluded_lines": 0}, "missing_lines": [440], "excluded_lines": []}, "": {"executed_lines": [1, 2, 3, 4, 5, 7, 8, 10, 11, 12, 18, 34, 35, 40, 49, 149, 157, 212, 270, 313, 349, 380, 421], "summary": {"covered_lines": 22, "num_statements": 22, "percent_covered": 100.0, "percent_covered_display": "100", "missing_lines": 0, "excluded_lines": 0}, "missing_lines": [], "excluded_lines": []}}, "classes": {"SecretaryAgent": {"executed_lines": [], "summary": {"covered_lines": 0, "num_statements": 160, "percent_covered": 0.0, "percent_covered_display": "0", "missing_lines": 160, "excluded_lines": 0}, "missing_lines": [41, 42, 43, 44, 47, 53, 55, 56, 63, 64, 65, 71, 73, 80, 83, 84, 85, 86, 87, 92, 93, 94, 95, 96, 97, 98, 104, 105, 106, 107, 108, 109, 112, 113, 118, 119, 144, 145, 146, 147, 151, 152, 154, 155, 161, 171, 180, 181, 188, 189, 190, 191, 192, 193, 194, 197, 208, 209, 210, 214, 215, 216, 218, 219, 220, 224, 225, 227, 228, 229, 230, 231, 234, 236, 239, 244, 245, 248, 249, 250, 251, 252, 253, 254, 255, 256, 258, 259, 261, 262, 264, 265, 266, 268, 274, 275, 278, 281, 282, 294, 295, 298, 307, 309, 317, 318, 319, 321, 322, 323, 324, 325, 327, 328, 334, 337, 346, 347, 351, 352, 353, 355, 356, 357, 359, 360, 366, 369, 377, 378, 382, 383, 385, 386, 398, 401, 402, 405, 415, 417, 418, 419, 423, 424, 426, 427, 430, 439, 440, 447, 448, 449, 451, 452, 453, 455, 457, 459, 460, 461], "excluded_lines": []}, "": {"executed_lines": [1, 2, 3, 4, 5, 7, 8, 10, 11, 12, 18, 34, 35, 40, 49, 149, 157, 212, 270, 313, 349, 380, 421], "summary": {"covered_lines": 22, "num_statements": 34, "percent_covered": 64.70588235294117, "percent_covered_display": "65", "missing_lines": 12, "excluded_lines": 0}, "missing_lines": [20, 21, 22, 23, 24, 25, 26, 27, 28, 29, 30, 31], "excluded_lines": []}}}, "spds/session_context.py": {"executed_lines": [3, 4, 5, 6, 8, 10, 13, 16, 23, 24, 27, 34, 37, 60, 70], "summary": {"covered_lines": 15, "num_statements": 26, "percent_covered": 57.69230769230769, "percent_covered_display": "58", "missing_lines": 11, "excluded_lines": 0}, "missing_lines": [48, 49, 50, 53, 54, 55, 56, 57, 67, 74, 75], "excluded_lines": [], "functions": {"set_current_session_id": {"executed_lines": [23, 24], "summary": {"covered_lines": 2, "num_statements": 2, "percent_covered": 100.0, "percent_covered_display": "100", "missing_lines": 0, "excluded_lines": 0}, "missing_lines": [], "excluded_lines": []}, "get_current_session_id": {"executed_lines": [34], "summary": {"covered_lines": 1, "num_statements": 1, "percent_covered": 100.0, "percent_covered_display": "100", "missing_lines": 0, "excluded_lines": 0}, "missing_lines": [], "excluded_lines": []}, "ensure_session": {"executed_lines": [], "summary": {"covered_lines": 0, "num_statements": 8, "percent_covered": 0.0, "percent_covered_display": "0", "missing_lines": 8, "excluded_lines": 0}, "missing_lines": [48, 49, 50, 53, 54, 55, 56, 57], "excluded_lines": []}, "new_session_id": {"executed_lines": [], "summary": {"covered_lines": 0, "num_statements": 1, "percent_covered": 0.0, "percent_covered_display": "0", "missing_lines": 1, "excluded_lines": 0}, "missing_lines": [67], "excluded_lines": []}, "clear_session_context": {"executed_lines": [], "summary": {"covered_lines": 0, "num_statements": 2, "percent_covered": 0.0, "percent_covered_display": "0", "missing_lines": 2, "excluded_lines": 0}, "missing_lines": [74, 75], "excluded_lines": []}, "": {"executed_lines": [3, 4, 5, 6, 8, 10, 13, 16, 27, 37, 60, 70], "summary": {"covered_lines": 12, "num_statements": 12, "percent_covered": 100.0, "percent_covered_display": "100", "missing_lines": 0, "excluded_lines": 0}, "missing_lines": [], "excluded_lines": []}}, "classes": {"": {"executed_lines": [3, 4, 5, 6, 8, 10, 13, 16, 23, 24, 27, 34, 37, 60, 70], "summary": {"covered_lines": 15, "num_statements": 26, "percent_covered": 57.69230769230769, "percent_covered_display": "58", "missing_lines": 11, "excluded_lines": 0}, "missing_lines": [48, 49, 50, 53, 54, 55, 56, 57, 67, 74, 75], "excluded_lines": []}}}, "spds/session_store.py": {"executed_lines": [3, 4, 5, 6, 7, 8, 9, 10, 11, 12, 14, 16, 19, 20, 21, 22, 23, 24, 25, 28, 29, 30, 31, 32, 33, 34, 35, 37, 40, 41, 42, 43, 44, 47, 48, 50, 54, 58, 62, 66, 70, 75, 76, 78, 79, 80, 84, 85, 89, 90, 92, 94, 95, 100, 102, 103, 104, 105, 107, 109, 111, 113, 115, 117, 119, 123, 125, 126, 128, 134, 135, 138, 139, 146, 148, 149, 151, 152, 154, 155, 163, 166, 167, 168, 170, 171, 174, 187, 188, 189, 192, 193, 194, 196, 197, 199, 201, 202, 203, 205, 207, 208, 210, 212, 213, 216, 217, 220, 221, 224, 226, 227, 228, 229, 230, 231, 232, 233, 234, 235, 241, 243, 248, 249, 253, 255, 257, 258, 260, 261, 263, 264, 265, 266, 267, 268, 269, 270, 275, 320, 322, 324, 326, 329, 330, 331, 332, 333, 334, 338, 340, 350, 365, 366, 369, 373, 374, 375, 376, 377, 378, 380, 383, 386, 387, 390, 393, 394], "summary": {"covered_lines": 163, "num_statements": 225, "percent_covered": 72.44444444444444, "percent_covered_display": "72", "missing_lines": 62, "excluded_lines": 6}, "missing_lines": [96, 98, 121, 140, 142, 143, 144, 237, 238, 239, 250, 251, 271, 272, 276, 277, 278, 279, 280, 281, 282, 283, 284, 285, 286, 288, 290, 292, 293, 294, 295, 296, 297, 298, 300, 308, 310, 311, 312, 313, 315, 316, 317, 318, 327, 335, 336, 342, 343, 344, 345, 346, 347, 348, 352, 354, 355, 356, 357, 358, 359, 361], "excluded_lines": [52, 56, 60, 64, 68, 72], "functions": {"SessionStore.create": {"executed_lines": [], "summary": {"covered_lines": 0, "num_statements": 0, "percent_covered": 100.0, "percent_covered_display": "100", "missing_lines": 0, "excluded_lines": 1}, "missing_lines": [], "excluded_lines": [52]}, "SessionStore.save_event": {"executed_lines": [], "summary": {"covered_lines": 0, "num_statements": 0, "percent_covered": 100.0, "percent_covered_display": "100", "missing_lines": 0, "excluded_lines": 1}, "missing_lines": [], "excluded_lines": [56]}, "SessionStore.load": {"executed_lines": [], "summary": {"covered_lines": 0, "num_statements": 0, "percent_covered": 100.0, "percent_covered_display": "100", "missing_lines": 0, "excluded_lines": 1}, "missing_lines": [], "excluded_lines": [60]}, "SessionStore.list_sessions": {"executed_lines": [], "summary": {"covered_lines": 0, "num_statements": 0, "percent_covered": 100.0, "percent_covered_display": "100", "missing_lines": 0, "excluded_lines": 1}, "missing_lines": [], "excluded_lines": [64]}, "SessionStore.touch": {"executed_lines": [], "summary": {"covered_lines": 0, "num_statements": 0, "percent_covered": 100.0, "percent_covered_display": "100", "missing_lines": 0, "excluded_lines": 1}, "missing_lines": [], "excluded_lines": [68]}, "SessionStore.delete": {"executed_lines": [], "summary": {"covered_lines": 0, "num_statements": 0, "percent_covered": 100.0, "percent_covered_display": "100", "missing_lines": 0, "excluded_lines": 1}, "missing_lines": [], "excluded_lines": [72]}, "JsonSessionStore.__init__": {"executed_lines": [79, 80, 84, 85, 89, 90, 92, 94, 95], "summary": {"covered_lines": 9, "num_statements": 11, "percent_covered": 81.81818181818181, "percent_covered_display": "82", "missing_lines": 2, "excluded_lines": 0}, "missing_lines": [96, 98], "excluded_lines": []}, "JsonSessionStore._get_session_lock": {"executed_lines": [102, 103, 104, 105], "summary": {"covered_lines": 4, "num_statements": 4, "percent_covered": 100.0, "percent_covered_display": "100", "missing_lines": 0, "excluded_lines": 0}, "missing_lines": [], "excluded_lines": []}, "JsonSessionStore._get_session_dir": {"executed_lines": [109], "summary": {"covered_lines": 1, "num_statements": 1, "percent_covered": 100.0, "percent_covered_display": "100", "missing_lines": 0, "excluded_lines": 0}, "missing_lines": [], "excluded_lines": []}, "JsonSessionStore._get_session_file": {"executed_lines": [113], "summary": {"covered_lines": 1, "num_statements": 1, "percent_covered": 100.0, "percent_covered_display": "100", "missing_lines": 0, "excluded_lines": 0}, "missing_lines": [], "excluded_lines": []}, "JsonSessionStore._get_events_file": {"executed_lines": [117], "summary": {"covered_lines": 1, "num_statements": 1, "percent_covered": 100.0, "percent_covered_display": "100", "missing_lines": 0, "excluded_lines": 0}, "missing_lines": [], "excluded_lines": []}, "JsonSessionStore._get_lock_file": {"executed_lines": [], "summary": {"covered_lines": 0, "num_statements": 1, "percent_covered": 0.0, "percent_covered_display": "0", "missing_lines": 1, "excluded_lines": 0}, "missing_lines": [121], "excluded_lines": []}, "JsonSessionStore._atomic_write": {"executed_lines": [125, 126, 128, 134, 135, 138, 139], "summary": {"covered_lines": 7, "num_statements": 11, "percent_covered": 63.63636363636363, "percent_covered_display": "64", "missing_lines": 4, "excluded_lines": 0}, "missing_lines": [140, 142, 143, 144], "excluded_lines": []}, "JsonSessionStore.create": {"executed_lines": [148, 149, 151, 152, 154, 155, 163, 166, 167, 168, 170, 171, 174, 187, 188, 189, 192, 193, 194, 196, 197], "summary": {"covered_lines": 21, "num_statements": 21, "percent_covered": 100.0, "percent_covered_display": "100", "missing_lines": 0, "excluded_lines": 0}, "missing_lines": [], "excluded_lines": []}, "JsonSessionStore._save_session_state": {"executed_lines": [201, 202, 203], "summary": {"covered_lines": 3, "num_statements": 3, "percent_covered": 100.0, "percent_covered_display": "100", "missing_lines": 0, "excluded_lines": 0}, "missing_lines": [], "excluded_lines": []}, "JsonSessionStore.save_event": {"executed_lines": [207, 208, 210, 212, 213, 216, 217, 220, 221, 224, 226, 227, 228, 229, 230, 231, 232, 233, 234, 235, 241, 243, 248, 249, 253], "summary": {"covered_lines": 25, "num_statements": 30, "percent_covered": 83.33333333333333, "percent_covered_display": "83", "missing_lines": 5, "excluded_lines": 0}, "missing_lines": [237, 238, 239, 250, 251], "excluded_lines": []}, "JsonSessionStore.load": {"executed_lines": [257, 258, 260, 261, 263, 264, 265, 266, 267, 268, 269, 270, 275, 320], "summary": {"covered_lines": 14, "num_statements": 46, "percent_covered": 30.434782608695652, "percent_covered_display": "30", "missing_lines": 32, "excluded_lines": 0}, "missing_lines": [271, 272, 276, 277, 278, 279, 280, 281, 282, 283, 284, 285, 286, 288, 290, 292, 293, 294, 295, 296, 297, 298, 300, 308, 310, 311, 312, 313, 315, 316, 317, 318], "excluded_lines": []}, "JsonSessionStore.list_sessions": {"executed_lines": [324, 326, 329, 330, 331, 332, 333, 334, 338], "summary": {"covered_lines": 9, "num_statements": 12, "percent_covered": 75.0, "percent_covered_display": "75", "missing_lines": 3, "excluded_lines": 0}, "missing_lines": [327, 335, 336], "excluded_lines": []}, "JsonSessionStore.touch": {"executed_lines": [], "summary": {"covered_lines": 0, "num_statements": 7, "percent_covered": 0.0, "percent_covered_display": "0", "missing_lines": 7, "excluded_lines": 0}, "missing_lines": [342, 343, 344, 345, 346, 347, 348], "excluded_lines": []}, "JsonSessionStore.delete": {"executed_lines": [], "summary": {"covered_lines": 0, "num_statements": 8, "percent_covered": 0.0, "percent_covered_display": "0", "missing_lines": 8, "excluded_lines": 0}, "missing_lines": [352, 354, 355, 356, 357, 358, 359, 361], "excluded_lines": []}, "get_default_session_store": {"executed_lines": [373, 374, 375, 376, 377, 378, 380], "summary": {"covered_lines": 7, "num_statements": 7, "percent_covered": 100.0, "percent_covered_display": "100", "missing_lines": 0, "excluded_lines": 0}, "missing_lines": [], "excluded_lines": []}, "set_default_session_store": {"executed_lines": [386, 387], "summary": {"covered_lines": 2, "num_statements": 2, "percent_covered": 100.0, "percent_covered_display": "100", "missing_lines": 0, "excluded_lines": 0}, "missing_lines": [], "excluded_lines": []}, "reset_default_session_store": {"executed_lines": [393, 394], "summary": {"covered_lines": 2, "num_statements": 2, "percent_covered": 100.0, "percent_covered_display": "100", "missing_lines": 0, "excluded_lines": 0}, "missing_lines": [], "excluded_lines": []}, "": {"executed_lines": [3, 4, 5, 6, 7, 8, 9, 10, 11, 12, 14, 16, 19, 20, 21, 22, 23, 24, 25, 28, 29, 30, 31, 32, 33, 34, 35, 37, 40, 41, 42, 43, 44, 47, 48, 50, 54, 58, 62, 66, 70, 75, 76, 78, 100, 107, 111, 115, 119, 123, 146, 199, 205, 255, 322, 340, 350, 365, 366, 369, 383, 390], "summary": {"covered_lines": 57, "num_statements": 57, "percent_covered": 100.0, "percent_covered_display": "100", "missing_lines": 0, "excluded_lines": 0}, "missing_lines": [], "excluded_lines": []}}, "classes": {"SessionMeta": {"executed_lines": [], "summary": {"covered_lines": 0, "num_statements": 0, "percent_covered": 100.0, "percent_covered_display": "100", "missing_lines": 0, "excluded_lines": 0}, "missing_lines": [], "excluded_lines": []}, "SessionEvent": {"executed_lines": [], "summary": {"covered_lines": 0, "num_statements": 0, "percent_covered": 100.0, "percent_covered_display": "100", "missing_lines": 0, "excluded_lines": 0}, "missing_lines": [], "excluded_lines": []}, "SessionState": {"executed_lines": [], "summary": {"covered_lines": 0, "num_statements": 0, "percent_covered": 100.0, "percent_covered_display": "100", "missing_lines": 0, "excluded_lines": 0}, "missing_lines": [], "excluded_lines": []}, "SessionStore": {"executed_lines": [], "summary": {"covered_lines": 0, "num_statements": 0, "percent_covered": 100.0, "percent_covered_display": "100", "missing_lines": 0, "excluded_lines": 6}, "missing_lines": [], "excluded_lines": [52, 56, 60, 64, 68, 72]}, "JsonSessionStore": {"executed_lines": [79, 80, 84, 85, 89, 90, 92, 94, 95, 102, 103, 104, 105, 109, 113, 117, 125, 126, 128, 134, 135, 138, 139, 148, 149, 151, 152, 154, 155, 163, 166, 167, 168, 170, 171, 174, 187, 188, 189, 192, 193, 194, 196, 197, 201, 202, 203, 207, 208, 210, 212, 213, 216, 217, 220, 221, 224, 226, 227, 228, 229, 230, 231, 232, 233, 234, 235, 241, 243, 248, 249, 253, 257, 258, 260, 261, 263, 264, 265, 266, 267, 268, 269, 270, 275, 320, 324, 326, 329, 330, 331, 332, 333, 334, 338], "summary": {"covered_lines": 95, "num_statements": 157, "percent_covered": 60.50955414012739, "percent_covered_display": "61", "missing_lines": 62, "excluded_lines": 0}, "missing_lines": [96, 98, 121, 140, 142, 143, 144, 237, 238, 239, 250, 251, 271, 272, 276, 277, 278, 279, 280, 281, 282, 283, 284, 285, 286, 288, 290, 292, 293, 294, 295, 296, 297, 298, 300, 308, 310, 311, 312, 313, 315, 316, 317, 318, 327, 335, 336, 342, 343, 344, 345, 346, 347, 348, 352, 354, 355, 356, 357, 358, 359, 361], "excluded_lines": []}, "": {"executed_lines": [3, 4, 5, 6, 7, 8, 9, 10, 11, 12, 14, 16, 19, 20, 21, 22, 23, 24, 25, 28, 29, 30, 31, 32, 33, 34, 35, 37, 40, 41, 42, 43, 44, 47, 48, 50, 54, 58, 62, 66, 70, 75, 76, 78, 100, 107, 111, 115, 119, 123, 146, 199, 205, 255, 322, 340, 350, 365, 366, 369, 373, 374, 375, 376, 377, 378, 380, 383, 386, 387, 390, 393, 394], "summary": {"covered_lines": 68, "num_statements": 68, "percent_covered": 100.0, "percent_covered_display": "100", "missing_lines": 0, "excluded_lines": 0}, "missing_lines": [], "excluded_lines": []}}}, "spds/session_tracking.py": {"executed_lines": [3, 4, 5, 6, 7, 9, 10, 12, 15, 16, 18, 19, 21, 23, 24, 28, 40, 42, 64, 66, 67, 72, 78, 87, 89, 91, 92, 97, 103, 112, 114, 116, 117, 122, 128, 137, 139, 141, 142, 144, 146, 147, 153, 156, 160, 161, 163, 166, 172, 179, 181, 182, 185, 191, 193, 194, 197, 199, 200, 203, 205, 206], "summary": {"covered_lines": 61, "num_statements": 81, "percent_covered": 75.30864197530865, "percent_covered_display": "75", "missing_lines": 20, "excluded_lines": 0}, "missing_lines": [25, 26, 44, 45, 46, 47, 49, 62, 68, 69, 93, 94, 118, 119, 148, 149, 169, 175, 187, 188], "excluded_lines": [], "functions": {"SessionTracker.__init__": {"executed_lines": [19], "summary": {"covered_lines": 1, "num_statements": 1, "percent_covered": 100.0, "percent_covered_display": "100", "missing_lines": 0, "excluded_lines": 0}, "missing_lines": [], "excluded_lines": []}, "SessionTracker.track_message": {"executed_lines": [23, 24, 28, 40], "summary": {"covered_lines": 4, "num_statements": 6, "percent_covered": 66.66666666666667, "percent_covered_display": "67", "missing_lines": 2, "excluded_lines": 0}, "missing_lines": [25, 26], "excluded_lines": []}, "SessionTracker.track_tool_call": {"executed_lines": [], "summary": {"covered_lines": 0, "num_statements": 6, "percent_covered": 0.0, "percent_covered_display": "0", "missing_lines": 6, "excluded_lines": 0}, "missing_lines": [44, 45, 46, 47, 49, 62], "excluded_lines": []}, "SessionTracker.track_decision": {"executed_lines": [66, 67, 72, 78, 87], "summary": {"covered_lines": 5, "num_statements": 7, "percent_covered": 71.42857142857143, "percent_covered_display": "71", "missing_lines": 2, "excluded_lines": 0}, "missing_lines": [68, 69], "excluded_lines": []}, "SessionTracker.track_action": {"executed_lines": [91, 92, 97, 103, 112], "summary": {"covered_lines": 5, "num_statements": 7, "percent_covered": 71.42857142857143, "percent_covered_display": "71", "missing_lines": 2, "excluded_lines": 0}, "missing_lines": [93, 94], "excluded_lines": []}, "SessionTracker.track_system_event": {"executed_lines": [116, 117, 122, 128, 137], "summary": {"covered_lines": 5, "num_statements": 7, "percent_covered": 71.42857142857143, "percent_covered_display": "71", "missing_lines": 2, "excluded_lines": 0}, "missing_lines": [118, 119], "excluded_lines": []}, "SessionTracker._generate_event_id": {"executed_lines": [141, 142], "summary": {"covered_lines": 2, "num_statements": 2, "percent_covered": 100.0, "percent_covered_display": "100", "missing_lines": 0, "excluded_lines": 0}, "missing_lines": [], "excluded_lines": []}, "SessionTracker._save_event": {"executed_lines": [146, 147], "summary": {"covered_lines": 2, "num_statements": 4, "percent_covered": 50.0, "percent_covered_display": "50", "missing_lines": 2, "excluded_lines": 0}, "missing_lines": [148, 149], "excluded_lines": []}, "get_default_session_tracker": {"executed_lines": [160, 161, 163], "summary": {"covered_lines": 3, "num_statements": 3, "percent_covered": 100.0, "percent_covered_display": "100", "missing_lines": 0, "excluded_lines": 0}, "missing_lines": [], "excluded_lines": []}, "set_default_session_tracker": {"executed_lines": [], "summary": {"covered_lines": 0, "num_statements": 1, "percent_covered": 0.0, "percent_covered_display": "0", "missing_lines": 1, "excluded_lines": 0}, "missing_lines": [169], "excluded_lines": []}, "reset_default_session_tracker": {"executed_lines": [], "summary": {"covered_lines": 0, "num_statements": 1, "percent_covered": 0.0, "percent_covered_display": "0", "missing_lines": 1, "excluded_lines": 0}, "missing_lines": [175], "excluded_lines": []}, "track_message": {"executed_lines": [181, 182], "summary": {"covered_lines": 2, "num_statements": 2, "percent_covered": 100.0, "percent_covered_display": "100", "missing_lines": 0, "excluded_lines": 0}, "missing_lines": [], "excluded_lines": []}, "track_tool_call": {"executed_lines": [], "summary": {"covered_lines": 0, "num_statements": 2, "percent_covered": 0.0, "percent_covered_display": "0", "missing_lines": 2, "excluded_lines": 0}, "missing_lines": [187, 188], "excluded_lines": []}, "track_decision": {"executed_lines": [193, 194], "summary": {"covered_lines": 2, "num_statements": 2, "percent_covered": 100.0, "percent_covered_display": "100", "missing_lines": 0, "excluded_lines": 0}, "missing_lines": [], "excluded_lines": []}, "track_action": {"executed_lines": [199, 200], "summary": {"covered_lines": 2, "num_statements": 2, "percent_covered": 100.0, "percent_covered_display": "100", "missing_lines": 0, "excluded_lines": 0}, "missing_lines": [], "excluded_lines": []}, "track_system_event": {"executed_lines": [205, 206], "summary": {"covered_lines": 2, "num_statements": 2, "percent_covered": 100.0, "percent_covered_display": "100", "missing_lines": 0, "excluded_lines": 0}, "missing_lines": [], "excluded_lines": []}, "": {"executed_lines": [3, 4, 5, 6, 7, 9, 10, 12, 15, 16, 18, 21, 42, 64, 89, 114, 139, 144, 153, 156, 166, 172, 179, 185, 191, 197, 203], "summary": {"covered_lines": 26, "num_statements": 26, "percent_covered": 100.0, "percent_covered_display": "100", "missing_lines": 0, "excluded_lines": 0}, "missing_lines": [], "excluded_lines": []}}, "classes": {"SessionTracker": {"executed_lines": [19, 23, 24, 28, 40, 66, 67, 72, 78, 87, 91, 92, 97, 103, 112, 116, 117, 122, 128, 137, 141, 142, 146, 147], "summary": {"covered_lines": 24, "num_statements": 40, "percent_covered": 60.0, "percent_covered_display": "60", "missing_lines": 16, "excluded_lines": 0}, "missing_lines": [25, 26, 44, 45, 46, 47, 49, 62, 68, 69, 93, 94, 118, 119, 148, 149], "excluded_lines": []}, "": {"executed_lines": [3, 4, 5, 6, 7, 9, 10, 12, 15, 16, 18, 21, 42, 64, 89, 114, 139, 144, 153, 156, 160, 161, 163, 166, 172, 179, 181, 182, 185, 191, 193, 194, 197, 199, 200, 203, 205, 206], "summary": {"covered_lines": 37, "num_statements": 41, "percent_covered": 90.2439024390244, "percent_covered_display": "90", "missing_lines": 4, "excluded_lines": 0}, "missing_lines": [169, 175, 187, 188], "excluded_lines": []}}}, "spds/spds_agent.py": {"executed_lines": [3, 5, 6, 7, 9, 10, 11, 14, 15, 16, 17, 18, 19, 20, 22, 24, 25, 26, 28, 29, 39, 47, 48, 50, 59, 61, 63, 64, 66, 67, 68, 70, 72, 79, 81, 82, 91, 92, 99, 105, 106, 113, 114, 119, 125, 127, 128, 133, 155, 160, 183, 184, 187, 197, 210, 211, 226, 227, 228, 242, 244, 245, 246, 248, 249, 250, 252, 253, 257, 258, 267, 268, 270, 271, 273, 274, 276, 277, 278, 279, 281, 284, 285, 286, 294, 295, 309, 310, 312, 314, 315, 325, 362, 364, 365, 366, 368, 383, 387, 408, 410, 412, 414, 415, 423, 424, 428, 431, 444, 451, 454, 460, 465, 467, 472, 474, 479, 482, 485, 499, 502, 504, 505, 509, 525, 526, 539, 540, 547, 548, 550, 578], "summary": {"covered_lines": 132, "num_statements": 233, "percent_covered": 56.652360515021456, "percent_covered_display": "57", "missing_lines": 101, "excluded_lines": 0}, "missing_lines": [83, 84, 85, 86, 88, 115, 117, 212, 213, 218, 229, 230, 235, 236, 238, 239, 240, 241, 243, 247, 251, 254, 255, 272, 275, 282, 283, 287, 289, 290, 291, 292, 296, 297, 298, 301, 302, 305, 327, 328, 339, 340, 341, 342, 343, 344, 345, 346, 348, 349, 350, 351, 352, 353, 356, 357, 358, 360, 369, 370, 374, 375, 376, 377, 378, 379, 380, 384, 392, 393, 394, 395, 396, 397, 398, 399, 400, 401, 402, 403, 404, 405, 406, 466, 470, 486, 512, 513, 514, 516, 518, 519, 521, 541, 551, 554, 555, 568, 569, 570, 576], "excluded_lines": [], "functions": {"SPDSAgent.__init__": {"executed_lines": [16, 17, 18, 19, 20, 22, 24, 25, 26], "summary": {"covered_lines": 9, "num_statements": 9, "percent_covered": 100.0, "percent_covered_display": "100", "missing_lines": 0, "excluded_lines": 0}, "missing_lines": [], "excluded_lines": []}, "SPDSAgent.create_new": {"executed_lines": [39, 47, 48, 50, 59], "summary": {"covered_lines": 5, "num_statements": 5, "percent_covered": 100.0, "percent_covered_display": "100", "missing_lines": 0, "excluded_lines": 0}, "missing_lines": [], "excluded_lines": []}, "SPDSAgent._parse_system_prompt": {"executed_lines": [63, 64, 66, 67, 68, 70], "summary": {"covered_lines": 6, "num_statements": 6, "percent_covered": 100.0, "percent_covered_display": "100", "missing_lines": 0, "excluded_lines": 0}, "missing_lines": [], "excluded_lines": []}, "SPDSAgent._ensure_assessment_tool": {"executed_lines": [79, 81, 82, 91, 92, 99, 105, 106, 113, 114], "summary": {"covered_lines": 10, "num_statements": 17, "percent_covered": 58.8235294117647, "percent_covered_display": "59", "missing_lines": 7, "excluded_lines": 0}, "missing_lines": [83, 84, 85, 86, 88, 115, 117], "excluded_lines": []}, "SPDSAgent._get_full_assessment": {"executed_lines": [125, 127, 128, 133, 155, 160, 183, 184, 187, 197, 210, 211, 226, 227, 228, 242, 244, 245, 246, 248, 249, 250, 252, 253, 257, 258, 267, 268, 270, 271, 273, 274, 276, 277, 278, 279, 281, 284, 285, 286, 294, 295, 309, 310, 312, 314, 315], "summary": {"covered_lines": 47, "num_statements": 78, "percent_covered": 60.256410256410255, "percent_covered_display": "60", "missing_lines": 31, "excluded_lines": 0}, "missing_lines": [212, 213, 218, 229, 230, 235, 236, 238, 239, 240, 241, 243, 247, 251, 254, 255, 272, 275, 282, 283, 287, 289, 290, 291, 292, 296, 297, 298, 301, 302, 305], "excluded_lines": []}, "SPDSAgent._parse_assessment_response": {"executed_lines": [], "summary": {"covered_lines": 0, "num_statements": 20, "percent_covered": 0.0, "percent_covered_display": "0", "missing_lines": 20, "excluded_lines": 0}, "missing_lines": [327, 328, 339, 340, 341, 342, 343, 344, 345, 346, 348, 349, 350, 351, 352, 353, 356, 357, 358, 360], "excluded_lines": []}, "SPDSAgent._extract_response_text": {"executed_lines": [364, 365, 366, 368, 383, 387, 408], "summary": {"covered_lines": 7, "num_statements": 32, "percent_covered": 21.875, "percent_covered_display": "22", "missing_lines": 25, "excluded_lines": 0}, "missing_lines": [369, 370, 374, 375, 376, 377, 378, 379, 380, 384, 392, 393, 394, 395, 396, 397, 398, 399, 400, 401, 402, 403, 404, 405, 406], "excluded_lines": []}, "SPDSAgent.assess_motivation_and_priority": {"executed_lines": [412, 414, 415, 423, 424, 428, 431], "summary": {"covered_lines": 7, "num_statements": 7, "percent_covered": 100.0, "percent_covered_display": "100", "missing_lines": 0, "excluded_lines": 0}, "missing_lines": [], "excluded_lines": []}, "SPDSAgent._select_mode_for_message": {"executed_lines": [451, 454, 460, 465, 467, 472], "summary": {"covered_lines": 6, "num_statements": 8, "percent_covered": 75.0, "percent_covered_display": "75", "missing_lines": 2, "excluded_lines": 0}, "missing_lines": [466, 470], "excluded_lines": []}, "SPDSAgent.speak": {"executed_lines": [479, 482, 485, 499, 502, 504, 505, 509, 525, 526, 539, 540, 547, 548, 550, 578], "summary": {"covered_lines": 16, "num_statements": 32, "percent_covered": 50.0, "percent_covered_display": "50", "missing_lines": 16, "excluded_lines": 0}, "missing_lines": [486, 512, 513, 514, 516, 518, 519, 521, 541, 551, 554, 555, 568, 569, 570, 576], "excluded_lines": []}, "": {"executed_lines": [3, 5, 6, 7, 9, 10, 11, 14, 15, 28, 29, 61, 72, 119, 325, 362, 410, 444, 474], "summary": {"covered_lines": 19, "num_statements": 19, "percent_covered": 100.0, "percent_covered_display": "100", "missing_lines": 0, "excluded_lines": 0}, "missing_lines": [], "excluded_lines": []}}, "classes": {"SPDSAgent": {"executed_lines": [16, 17, 18, 19, 20, 22, 24, 25, 26, 39, 47, 48, 50, 59, 63, 64, 66, 67, 68, 70, 79, 81, 82, 91, 92, 99, 105, 106, 113, 114, 125, 127, 128, 133, 155, 160, 183, 184, 187, 197, 210, 211, 226, 227, 228, 242, 244, 245, 246, 248, 249, 250, 252, 253, 257, 258, 267, 268, 270, 271, 273, 274, 276, 277, 278, 279, 281, 284, 285, 286, 294, 295, 309, 310, 312, 314, 315, 364, 365, 366, 368, 383, 387, 408, 412, 414, 415, 423, 424, 428, 431, 451, 454, 460, 465, 467, 472, 479, 482, 485, 499, 502, 504, 505, 509, 525, 526, 539, 540, 547, 548, 550, 578], "summary": {"covered_lines": 113, "num_statements": 214, "percent_covered": 52.80373831775701, "percent_covered_display": "53", "missing_lines": 101, "excluded_lines": 0}, "missing_lines": [83, 84, 85, 86, 88, 115, 117, 212, 213, 218, 229, 230, 235, 236, 238, 239, 240, 241, 243, 247, 251, 254, 255, 272, 275, 282, 283, 287, 289, 290, 291, 292, 296, 297, 298, 301, 302, 305, 327, 328, 339, 340, 341, 342, 343, 344, 345, 346, 348, 349, 350, 351, 352, 353, 356, 357, 358, 360, 369, 370, 374, 375, 376, 377, 378, 379, 380, 384, 392, 393, 394, 395, 396, 397, 398, 399, 400, 401, 402, 403, 404, 405, 406, 466, 470, 486, 512, 513, 514, 516, 518, 519, 521, 541, 551, 554, 555, 568, 569, 570, 576], "excluded_lines": []}, "": {"executed_lines": [3, 5, 6, 7, 9, 10, 11, 14, 15, 28, 29, 61, 72, 119, 325, 362, 410, 444, 474], "summary": {"covered_lines": 19, "num_statements": 19, "percent_covered": 100.0, "percent_covered_display": "100", "missing_lines": 0, "excluded_lines": 0}, "missing_lines": [], "excluded_lines": []}}}, "spds/swarm_manager.py": {"executed_lines": [3, 4, 6, 7, 9, 10, 11, 12, 13, 14, 15, 16, 19, 20, 53, 54, 55, 56, 57, 59, 61, 63, 64, 65, 66, 67, 68, 69, 76, 82, 84, 85, 86, 87, 90, 91, 92, 93, 99, 100, 106, 109, 110, 111, 112, 114, 116, 118, 119, 121, 165, 167, 168, 169, 170, 171, 176, 183, 192, 193, 194, 196, 202, 208, 210, 234, 235, 239, 240, 241, 242, 243, 251, 252, 253, 257, 272, 273, 274, 279, 282, 284, 285, 286, 291, 292, 293, 296, 299, 302, 305, 307, 309, 330, 333, 337, 338, 340, 342, 343, 344, 349, 350, 351, 354, 357, 360, 367, 370, 372, 374, 458, 480, 507, 541, 551, 554, 555, 556, 557, 560, 561, 564, 570, 576, 580, 585, 587, 589, 590, 597, 616, 617, 619, 620, 622, 646, 650, 655, 662, 663, 664, 666, 667, 668, 670, 671, 676, 689, 690, 692, 699, 701, 872, 922, 924, 927, 929, 939, 941, 944, 945, 947, 948, 949, 950, 951, 954, 959, 960, 961, 963, 964, 965, 966, 967, 969, 970, 975, 1025, 1037, 1040, 1053, 1067, 1076, 1086, 1091, 1110, 1111, 1113, 1114, 1115, 1118, 1119, 1120, 1121, 1122, 1123, 1126, 1127, 1128, 1131, 1134, 1137, 1139, 1140, 1141, 1142, 1145, 1146, 1147, 1151, 1152, 1156, 1158, 1159, 1160, 1161, 1162, 1164, 1165, 1166, 1168, 1169, 1170, 1171, 1173, 1174, 1175, 1176, 1178, 1179, 1180, 1183, 1185, 1186, 1187, 1188, 1189, 1190, 1192, 1193, 1194, 1198, 1215, 1220, 1228, 1230, 1231, 1235, 1239, 1240, 1243, 1247, 1248, 1249, 1256, 1260, 1263, 1265, 1270, 1278, 1281, 1282, 1283, 1284, 1285, 1286, 1287, 1288, 1290, 1291, 1292, 1293, 1297, 1299, 1305, 1327, 1335, 1336, 1338, 1347, 1348, 1349, 1352, 1353, 1356, 1359, 1360, 1361, 1362, 1372, 1377, 1384, 1385, 1386, 1391, 1392, 1394, 1396, 1403, 1406, 1411], "summary": {"covered_lines": 303, "num_statements": 577, "percent_covered": 52.512998266897746, "percent_covered_display": "53", "missing_lines": 274, "excluded_lines": 0}, "missing_lines": [71, 77, 78, 94, 95, 96, 101, 102, 131, 132, 134, 135, 140, 141, 143, 144, 149, 150, 151, 152, 153, 154, 156, 157, 158, 163, 177, 178, 203, 207, 236, 254, 255, 275, 276, 277, 287, 288, 289, 297, 303, 334, 345, 346, 347, 355, 368, 390, 391, 392, 393, 394, 404, 405, 406, 407, 408, 411, 412, 416, 417, 419, 424, 428, 432, 433, 434, 444, 445, 446, 450, 452, 453, 467, 468, 473, 474, 475, 492, 493, 499, 500, 501, 505, 520, 522, 532, 533, 534, 535, 539, 565, 577, 578, 586, 588, 591, 592, 595, 623, 624, 628, 629, 631, 632, 634, 635, 636, 637, 638, 639, 640, 641, 642, 643, 647, 652, 665, 669, 672, 673, 677, 678, 679, 680, 681, 682, 683, 684, 685, 686, 687, 693, 695, 696, 697, 722, 725, 726, 728, 729, 734, 735, 737, 738, 739, 741, 744, 745, 748, 749, 753, 756, 762, 763, 765, 766, 768, 779, 780, 784, 785, 788, 789, 790, 792, 794, 797, 798, 799, 800, 803, 804, 807, 808, 809, 819, 820, 826, 827, 829, 830, 833, 834, 835, 839, 840, 843, 844, 848, 849, 851, 853, 854, 855, 856, 857, 858, 864, 865, 866, 867, 887, 889, 890, 893, 894, 895, 896, 897, 900, 901, 905, 906, 908, 910, 912, 913, 914, 915, 916, 917, 934, 935, 955, 991, 992, 993, 997, 998, 999, 1000, 1001, 1004, 1005, 1009, 1010, 1011, 1013, 1014, 1015, 1016, 1017, 1019, 1020, 1055, 1058, 1065, 1087, 1088, 1089, 1129, 1154, 1182, 1196, 1216, 1217, 1232, 1236, 1244, 1250, 1253, 1254, 1267, 1268, 1279, 1294, 1295, 1365, 1366, 1367, 1404, 1408, 1409], "excluded_lines": [], "functions": {"SwarmManager.__init__": {"executed_lines": [53, 54, 55, 56, 57, 59, 61, 63, 64, 65, 66, 67, 68, 69, 76, 82, 84, 85, 86, 87, 90, 91, 92, 93, 99, 100], "summary": {"covered_lines": 26, "num_statements": 34, "percent_covered": 76.47058823529412, "percent_covered_display": "76", "missing_lines": 8, "excluded_lines": 0}, "missing_lines": [71, 77, 78, 94, 95, 96, 101, 102], "excluded_lines": []}, "SwarmManager._emit": {"executed_lines": [109, 110, 111, 112, 114, 116, 118, 119], "summary": {"covered_lines": 8, "num_statements": 8, "percent_covered": 100.0, "percent_covered_display": "100", "missing_lines": 0, "excluded_lines": 0}, "missing_lines": [], "excluded_lines": []}, "SwarmManager._call_agent_message_create": {"executed_lines": [], "summary": {"covered_lines": 0, "num_statements": 18, "percent_covered": 0.0, "percent_covered_display": "0", "missing_lines": 18, "excluded_lines": 0}, "missing_lines": [131, 132, 134, 135, 140, 141, 143, 144, 149, 150, 151, 152, 153, 154, 156, 157, 158, 163], "excluded_lines": []}, "SwarmManager._load_agents_by_id": {"executed_lines": [167, 168, 169, 170, 171, 176], "summary": {"covered_lines": 6, "num_statements": 8, "percent_covered": 75.0, "percent_covered_display": "75", "missing_lines": 2, "excluded_lines": 0}, "missing_lines": [177, 178], "excluded_lines": []}, "SwarmManager._load_agents_by_name": {"executed_lines": [192, 193, 194, 196, 202, 208], "summary": {"covered_lines": 6, "num_statements": 8, "percent_covered": 75.0, "percent_covered_display": "75", "missing_lines": 2, "excluded_lines": 0}, "missing_lines": [203, 207], "excluded_lines": []}, "SwarmManager._create_agents_from_profiles": {"executed_lines": [234, 235, 239, 240, 241, 242, 243, 251, 252, 253], "summary": {"covered_lines": 10, "num_statements": 13, "percent_covered": 76.92307692307692, "percent_covered_display": "77", "missing_lines": 3, "excluded_lines": 0}, "missing_lines": [236, 254, 255], "excluded_lines": []}, "SwarmManager.start_chat": {"executed_lines": [272, 273, 274, 279, 282, 284, 285, 286, 291, 292, 293, 296, 299, 302, 305, 307], "summary": {"covered_lines": 16, "num_statements": 24, "percent_covered": 66.66666666666667, "percent_covered_display": "67", "missing_lines": 8, "excluded_lines": 0}, "missing_lines": [275, 276, 277, 287, 288, 289, 297, 303], "excluded_lines": []}, "SwarmManager.start_chat_with_topic": {"executed_lines": [330, 333, 337, 338, 340, 342, 343, 344, 349, 350, 351, 354, 357, 360, 367, 370, 372], "summary": {"covered_lines": 17, "num_statements": 23, "percent_covered": 73.91304347826087, "percent_covered_display": "74", "missing_lines": 6, "excluded_lines": 0}, "missing_lines": [334, 345, 346, 347, 355, 368], "excluded_lines": []}, "SwarmManager._update_agent_memories": {"executed_lines": [], "summary": {"covered_lines": 0, "num_statements": 26, "percent_covered": 0.0, "percent_covered_display": "0", "missing_lines": 26, "excluded_lines": 0}, "missing_lines": [390, 391, 392, 393, 394, 404, 405, 406, 407, 408, 411, 412, 416, 417, 419, 424, 428, 432, 433, 434, 444, 445, 446, 450, 452, 453], "excluded_lines": []}, "SwarmManager._reset_agent_messages": {"executed_lines": [], "summary": {"covered_lines": 0, "num_statements": 5, "percent_covered": 0.0, "percent_covered_display": "0", "missing_lines": 5, "excluded_lines": 0}, "missing_lines": [467, 468, 473, 474, 475], "excluded_lines": []}, "SwarmManager._get_agent_message_count": {"executed_lines": [], "summary": {"covered_lines": 0, "num_statements": 6, "percent_covered": 0.0, "percent_covered_display": "0", "missing_lines": 6, "excluded_lines": 0}, "missing_lines": [492, 493, 499, 500, 501, 505], "excluded_lines": []}, "SwarmManager._warm_up_agent": {"executed_lines": [], "summary": {"covered_lines": 0, "num_statements": 7, "percent_covered": 0.0, "percent_covered_display": "0", "missing_lines": 7, "excluded_lines": 0}, "missing_lines": [520, 522, 532, 533, 534, 535, 539], "excluded_lines": []}, "SwarmManager._agent_turn": {"executed_lines": [551, 554, 555, 556, 557, 560, 561, 564, 570, 576, 580, 585, 587, 589, 590], "summary": {"covered_lines": 15, "num_statements": 23, "percent_covered": 65.21739130434783, "percent_covered_display": "65", "missing_lines": 8, "excluded_lines": 0}, "missing_lines": [565, 577, 578, 586, 588, 591, 592, 595], "excluded_lines": []}, "SwarmManager._extract_agent_response": {"executed_lines": [616, 617, 619, 620, 622, 646, 650, 655, 662, 663, 664, 666, 667, 668, 670, 671, 676, 689, 690, 692, 699], "summary": {"covered_lines": 21, "num_statements": 58, "percent_covered": 36.206896551724135, "percent_covered_display": "36", "missing_lines": 37, "excluded_lines": 0}, "missing_lines": [623, 624, 628, 629, 631, 632, 634, 635, 636, 637, 638, 639, 640, 641, 642, 643, 647, 652, 665, 669, 672, 673, 677, 678, 679, 680, 681, 682, 683, 684, 685, 686, 687, 693, 695, 696, 697], "excluded_lines": []}, "SwarmManager._hybrid_turn": {"executed_lines": [], "summary": {"covered_lines": 0, "num_statements": 66, "percent_covered": 0.0, "percent_covered_display": "0", "missing_lines": 66, "excluded_lines": 0}, "missing_lines": [722, 725, 726, 728, 729, 734, 735, 737, 738, 739, 741, 744, 745, 748, 749, 753, 756, 762, 763, 765, 766, 768, 779, 780, 784, 785, 788, 789, 790, 792, 794, 797, 798, 799, 800, 803, 804, 807, 808, 809, 819, 820, 826, 827, 829, 830, 833, 834, 835, 839, 840, 843, 844, 848, 849, 851, 853, 854, 855, 856, 857, 858, 864, 865, 866, 867], "excluded_lines": []}, "SwarmManager._all_speak_turn": {"executed_lines": [], "summary": {"covered_lines": 0, "num_statements": 20, "percent_covered": 0.0, "percent_covered_display": "0", "missing_lines": 20, "excluded_lines": 0}, "missing_lines": [887, 889, 890, 893, 894, 895, 896, 897, 900, 901, 905, 906, 908, 910, 912, 913, 914, 915, 916, 917], "excluded_lines": []}, "SwarmManager._sequential_turn": {"executed_lines": [924, 927, 929, 939, 941, 944, 945, 947, 948, 949, 950, 951, 954, 959, 960, 961, 963, 964, 965, 966, 967, 969, 970], "summary": {"covered_lines": 23, "num_statements": 26, "percent_covered": 88.46153846153847, "percent_covered_display": "88", "missing_lines": 3, "excluded_lines": 0}, "missing_lines": [934, 935, 955], "excluded_lines": []}, "SwarmManager._pure_priority_turn": {"executed_lines": [], "summary": {"covered_lines": 0, "num_statements": 20, "percent_covered": 0.0, "percent_covered_display": "0", "missing_lines": 20, "excluded_lines": 0}, "missing_lines": [991, 992, 993, 997, 998, 999, 1000, 1001, 1004, 1005, 1009, 1010, 1011, 1013, 1014, 1015, 1016, 1017, 1019, 1020], "excluded_lines": []}, "SwarmManager._start_meeting": {"executed_lines": [1037, 1040, 1053], "summary": {"covered_lines": 3, "num_statements": 6, "percent_covered": 50.0, "percent_covered_display": "50", "missing_lines": 3, "excluded_lines": 0}, "missing_lines": [1055, 1058, 1065], "excluded_lines": []}, "SwarmManager._end_meeting": {"executed_lines": [1076, 1086], "summary": {"covered_lines": 2, "num_statements": 5, "percent_covered": 40.0, "percent_covered_display": "40", "missing_lines": 3, "excluded_lines": 0}, "missing_lines": [1087, 1088, 1089], "excluded_lines": []}, "SwarmManager._handle_secretary_commands": {"executed_lines": [1110, 1111, 1113, 1114, 1115, 1118, 1119, 1120, 1121, 1122, 1123, 1126, 1127, 1128, 1131, 1134, 1137, 1139, 1140, 1141, 1142, 1145, 1146, 1147, 1151, 1152, 1156, 1158, 1159, 1160, 1161, 1162, 1164, 1165, 1166, 1168, 1169, 1170, 1171, 1173, 1174, 1175, 1176, 1178, 1179, 1180, 1183, 1185, 1186, 1187, 1188, 1189, 1190, 1192, 1193, 1194], "summary": {"covered_lines": 56, "num_statements": 60, "percent_covered": 93.33333333333333, "percent_covered_display": "93", "missing_lines": 4, "excluded_lines": 0}, "missing_lines": [1129, 1154, 1182, 1196], "excluded_lines": []}, "SwarmManager._handle_export_command": {"executed_lines": [1215, 1220, 1228, 1230, 1231, 1235, 1239, 1240, 1243, 1247, 1248, 1249, 1256, 1260, 1263, 1265], "summary": {"covered_lines": 16, "num_statements": 26, "percent_covered": 61.53846153846154, "percent_covered_display": "62", "missing_lines": 10, "excluded_lines": 0}, "missing_lines": [1216, 1217, 1232, 1236, 1244, 1250, 1253, 1254, 1267, 1268], "excluded_lines": []}, "SwarmManager._offer_export_options": {"executed_lines": [1278, 1281, 1282, 1283, 1284, 1285, 1286, 1287, 1288, 1290, 1291, 1292, 1293, 1297], "summary": {"covered_lines": 14, "num_statements": 17, "percent_covered": 82.3529411764706, "percent_covered_display": "82", "missing_lines": 3, "excluded_lines": 0}, "missing_lines": [1279, 1294, 1295], "excluded_lines": []}, "SwarmManager._show_secretary_help": {"executed_lines": [1305], "summary": {"covered_lines": 1, "num_statements": 1, "percent_covered": 100.0, "percent_covered_display": "100", "missing_lines": 0, "excluded_lines": 0}, "missing_lines": [], "excluded_lines": []}, "SwarmManager._notify_secretary_agent_response": {"executed_lines": [1335, 1336], "summary": {"covered_lines": 2, "num_statements": 2, "percent_covered": 100.0, "percent_covered_display": "100", "missing_lines": 0, "excluded_lines": 0}, "missing_lines": [], "excluded_lines": []}, "SwarmManager.check_memory_awareness_status": {"executed_lines": [1347, 1348, 1349, 1352, 1353, 1356, 1359, 1360, 1361, 1362], "summary": {"covered_lines": 10, "num_statements": 13, "percent_covered": 76.92307692307692, "percent_covered_display": "77", "missing_lines": 3, "excluded_lines": 0}, "missing_lines": [1365, 1366, 1367], "excluded_lines": []}, "SwarmManager.get_memory_status_summary": {"executed_lines": [1377, 1384, 1385, 1386, 1391, 1392, 1394, 1396, 1403, 1406, 1411], "summary": {"covered_lines": 11, "num_statements": 14, "percent_covered": 78.57142857142857, "percent_covered_display": "79", "missing_lines": 3, "excluded_lines": 0}, "missing_lines": [1404, 1408, 1409], "excluded_lines": []}, "": {"executed_lines": [3, 4, 6, 7, 9, 10, 11, 12, 13, 14, 15, 16, 19, 20, 106, 121, 165, 183, 210, 257, 309, 374, 458, 480, 507, 541, 597, 701, 872, 922, 975, 1025, 1067, 1091, 1198, 1270, 1299, 1327, 1338, 1372], "summary": {"covered_lines": 40, "num_statements": 40, "percent_covered": 100.0, "percent_covered_display": "100", "missing_lines": 0, "excluded_lines": 0}, "missing_lines": [], "excluded_lines": []}}, "classes": {"SwarmManager": {"executed_lines": [53, 54, 55, 56, 57, 59, 61, 63, 64, 65, 66, 67, 68, 69, 76, 82, 84, 85, 86, 87, 90, 91, 92, 93, 99, 100, 109, 110, 111, 112, 114, 116, 118, 119, 167, 168, 169, 170, 171, 176, 192, 193, 194, 196, 202, 208, 234, 235, 239, 240, 241, 242, 243, 251, 252, 253, 272, 273, 274, 279, 282, 284, 285, 286, 291, 292, 293, 296, 299, 302, 305, 307, 330, 333, 337, 338, 340, 342, 343, 344, 349, 350, 351, 354, 357, 360, 367, 370, 372, 551, 554, 555, 556, 557, 560, 561, 564, 570, 576, 580, 585, 587, 589, 590, 616, 617, 619, 620, 622, 646, 650, 655, 662, 663, 664, 666, 667, 668, 670, 671, 676, 689, 690, 692, 699, 924, 927, 929, 939, 941, 944, 945, 947, 948, 949, 950, 951, 954, 959, 960, 961, 963, 964, 965, 966, 967, 969, 970, 1037, 1040, 1053, 1076, 1086, 1110, 1111, 1113, 1114, 1115, 1118, 1119, 1120, 1121, 1122, 1123, 1126, 1127, 1128, 1131, 1134, 1137, 1139, 1140, 1141, 1142, 1145, 1146, 1147, 1151, 1152, 1156, 1158, 1159, 1160, 1161, 1162, 1164, 1165, 1166, 1168, 1169, 1170, 1171, 1173, 1174, 1175, 1176, 1178, 1179, 1180, 1183, 1185, 1186, 1187, 1188, 1189, 1190, 1192, 1193, 1194, 1215, 1220, 1228, 1230, 1231, 1235, 1239, 1240, 1243, 1247, 1248, 1249, 1256, 1260, 1263, 1265, 1278, 1281, 1282, 1283, 1284, 1285, 1286, 1287, 1288, 1290, 1291, 1292, 1293, 1297, 1305, 1335, 1336, 1347, 1348, 1349, 1352, 1353, 1356, 1359, 1360, 1361, 1362, 1377, 1384, 1385, 1386, 1391, 1392, 1394, 1396, 1403, 1406, 1411], "summary": {"covered_lines": 263, "num_statements": 537, "percent_covered": 48.97579143389199, "percent_covered_display": "49", "missing_lines": 274, "excluded_lines": 0}, "missing_lines": [71, 77, 78, 94, 95, 96, 101, 102, 131, 132, 134, 135, 140, 141, 143, 144, 149, 150, 151, 152, 153, 154, 156, 157, 158, 163, 177, 178, 203, 207, 236, 254, 255, 275, 276, 277, 287, 288, 289, 297, 303, 334, 345, 346, 347, 355, 368, 390, 391, 392, 393, 394, 404, 405, 406, 407, 408, 411, 412, 416, 417, 419, 424, 428, 432, 433, 434, 444, 445, 446, 450, 452, 453, 467, 468, 473, 474, 475, 492, 493, 499, 500, 501, 505, 520, 522, 532, 533, 534, 535, 539, 565, 577, 578, 586, 588, 591, 592, 595, 623, 624, 628, 629, 631, 632, 634, 635, 636, 637, 638, 639, 640, 641, 642, 643, 647, 652, 665, 669, 672, 673, 677, 678, 679, 680, 681, 682, 683, 684, 685, 686, 687, 693, 695, 696, 697, 722, 725, 726, 728, 729, 734, 735, 737, 738, 739, 741, 744, 745, 748, 749, 753, 756, 762, 763, 765, 766, 768, 779, 780, 784, 785, 788, 789, 790, 792, 794, 797, 798, 799, 800, 803, 804, 807, 808, 809, 819, 820, 826, 827, 829, 830, 833, 834, 835, 839, 840, 843, 844, 848, 849, 851, 853, 854, 855, 856, 857, 858, 864, 865, 866, 867, 887, 889, 890, 893, 894, 895, 896, 897, 900, 901, 905, 906, 908, 910, 912, 913, 914, 915, 916, 917, 934, 935, 955, 991, 992, 993, 997, 998, 999, 1000, 1001, 1004, 1005, 1009, 1010, 1011, 1013, 1014, 1015, 1016, 1017, 1019, 1020, 1055, 1058, 1065, 1087, 1088, 1089, 1129, 1154, 1182, 1196, 1216, 1217, 1232, 1236, 1244, 1250, 1253, 1254, 1267, 1268, 1279, 1294, 1295, 1365, 1366, 1367, 1404, 1408, 1409], "excluded_lines": []}, "": {"executed_lines": [3, 4, 6, 7, 9, 10, 11, 12, 13, 14, 15, 16, 19, 20, 106, 121, 165, 183, 210, 257, 309, 374, 458, 480, 507, 541, 597, 701, 872, 922, 975, 1025, 1067, 1091, 1198, 1270, 1299, 1327, 1338, 1372], "summary": {"covered_lines": 40, "num_statements": 40, "percent_covered": 100.0, "percent_covered_display": "100", "missing_lines": 0, "excluded_lines": 0}, "missing_lines": [], "excluded_lines": []}}}, "spds/tools.py": {"executed_lines": [3, 4, 5, 6, 8, 11, 14, 24, 25, 26, 29, 30, 31, 32, 36, 38, 40, 41, 45, 46, 47, 50, 56, 61, 62, 64, 65, 68, 69, 71, 74, 77, 80, 83, 86, 90, 96, 206, 295], "summary": {"covered_lines": 38, "num_statements": 119, "percent_covered": 31.932773109243698, "percent_covered_display": "32", "missing_lines": 81, "excluded_lines": 0}, "missing_lines": [27, 28, 33, 34, 35, 51, 52, 53, 54, 57, 106, 108, 113, 140, 143, 146, 151, 158, 159, 164, 165, 171, 174, 177, 181, 186, 203, 217, 218, 221, 222, 223, 226, 229, 230, 233, 236, 238, 239, 242, 245, 246, 247, 248, 258, 260, 261, 262, 263, 265, 268, 271, 272, 275, 278, 279, 281, 283, 284, 285, 287, 289, 291, 292, 306, 308, 310, 311, 312, 315, 316, 317, 318, 324, 325, 326, 328, 329, 332, 334, 335], "excluded_lines": [], "functions": {"build_tool_create_kwargs": {"executed_lines": [24, 38, 40, 50, 56, 61, 62, 64, 65], "summary": {"covered_lines": 9, "num_statements": 14, "percent_covered": 64.28571428571429, "percent_covered_display": "64", "missing_lines": 5, "excluded_lines": 0}, "missing_lines": [51, 52, 53, 54, 57], "excluded_lines": []}, "build_tool_create_kwargs._normalized_param_names": {"executed_lines": [25, 26, 29, 30, 31, 32, 36], "summary": {"covered_lines": 7, "num_statements": 12, "percent_covered": 58.333333333333336, "percent_covered_display": "58", "missing_lines": 5, "excluded_lines": 0}, "missing_lines": [27, 28, 33, 34, 35], "excluded_lines": []}, "build_tool_create_kwargs._with_common_kwargs": {"executed_lines": [41, 45, 46, 47], "summary": {"covered_lines": 4, "num_statements": 4, "percent_covered": 100.0, "percent_covered_display": "100", "missing_lines": 0, "excluded_lines": 0}, "missing_lines": [], "excluded_lines": []}, "perform_subjective_assessment": {"executed_lines": [], "summary": {"covered_lines": 0, "num_statements": 17, "percent_covered": 0.0, "percent_covered_display": "0", "missing_lines": 17, "excluded_lines": 0}, "missing_lines": [106, 108, 113, 140, 143, 146, 151, 158, 159, 164, 165, 171, 174, 177, 181, 186, 203], "excluded_lines": []}, "get_external_tool_functions": {"executed_lines": [], "summary": {"covered_lines": 0, "num_statements": 19, "percent_covered": 0.0, "percent_covered_display": "0", "missing_lines": 19, "excluded_lines": 0}, "missing_lines": [217, 218, 221, 222, 223, 226, 229, 230, 233, 236, 238, 239, 242, 245, 246, 247, 289, 291, 292], "excluded_lines": []}, "get_external_tool_functions.create_tool_function": {"executed_lines": [], "summary": {"covered_lines": 0, "num_statements": 2, "percent_covered": 0.0, "percent_covered_display": "0", "missing_lines": 2, "excluded_lines": 0}, "missing_lines": [248, 287], "excluded_lines": []}, "get_external_tool_functions.create_tool_function.tool_func": {"executed_lines": [], "summary": {"covered_lines": 0, "num_statements": 16, "percent_covered": 0.0, "percent_covered_display": "0", "missing_lines": 16, "excluded_lines": 0}, "missing_lines": [258, 260, 261, 262, 263, 265, 268, 271, 272, 275, 278, 279, 281, 283, 284, 285], "excluded_lines": []}, "load_and_register_external_tools": {"executed_lines": [], "summary": {"covered_lines": 0, "num_statements": 17, "percent_covered": 0.0, "percent_covered_display": "0", "missing_lines": 17, "excluded_lines": 0}, "missing_lines": [306, 308, 310, 311, 312, 315, 316, 317, 318, 324, 325, 326, 328, 329, 332, 334, 335], "excluded_lines": []}, "": {"executed_lines": [3, 4, 5, 6, 8, 11, 14, 68, 69, 71, 74, 77, 80, 83, 86, 90, 96, 206, 295], "summary": {"covered_lines": 18, "num_statements": 18, "percent_covered": 100.0, "percent_covered_display": "100", "missing_lines": 0, "excluded_lines": 0}, "missing_lines": [], "excluded_lines": []}}, "classes": {"SubjectiveAssessment": {"executed_lines": [], "summary": {"covered_lines": 0, "num_statements": 0, "percent_covered": 100.0, "percent_covered_display": "100", "missing_lines": 0, "excluded_lines": 0}, "missing_lines": [], "excluded_lines": []}, "": {"executed_lines": [3, 4, 5, 6, 8, 11, 14, 24, 25, 26, 29, 30, 31, 32, 36, 38, 40, 41, 45, 46, 47, 50, 56, 61, 62, 64, 65, 68, 69, 71, 74, 77, 80, 83, 86, 90, 96, 206, 295], "summary": {"covered_lines": 38, "num_statements": 119, "percent_covered": 31.932773109243698, "percent_covered_display": "32", "missing_lines": 81, "excluded_lines": 0}, "missing_lines": [27, 28, 33, 34, 35, 51, 52, 53, 54, 57, 106, 108, 113, 140, 143, 146, 151, 158, 159, 164, 165, 171, 174, 177, 181, 186, 203, 217, 218, 221, 222, 223, 226, 229, 230, 233, 236, 238, 239, 242, 245, 246, 247, 248, 258, 260, 261, 262, 263, 265, 268, 271, 272, 275, 278, 279, 281, 283, 284, 285, 287, 289, 291, 292, 306, 308, 310, 311, 312, 315, 316, 317, 318, 324, 325, 326, 328, 329, 332, 334, 335], "excluded_lines": []}}}}, "totals": {"covered_lines": 1560, "num_statements": 2652, "percent_covered": 58.8235294117647, "percent_covered_display": "59", "missing_lines": 1092, "excluded_lines": 9}}
